[0.013s] Invoking command in '/root/ros2_ws/src/project_03/build/goto_node': CMAKE_PREFIX_PATH=/opt/ros/humble /usr/bin/cmake --build /root/ros2_ws/src/project_03/build/goto_node -- -j8 -l8
[0.031s] -- Found ament_cmake: 1.3.11 (/opt/ros/humble/share/ament_cmake/cmake)
[0.124s] -- Found ament_index_cpp: 1.4.0 (/opt/ros/humble/share/ament_index_cpp/cmake)
[0.125s] -- Found geometry_msgs: 4.2.4 (/opt/ros/humble/share/geometry_msgs/cmake)
[0.226s] -- Found rosidl_generator_c: 3.1.6 (/opt/ros/humble/share/rosidl_generator_c/cmake)
[0.227s] -- Found rosidl_adapter: 3.1.6 (/opt/ros/humble/share/rosidl_adapter/cmake)
[0.232s] -- Found rosidl_generator_cpp: 3.1.6 (/opt/ros/humble/share/rosidl_generator_cpp/cmake)
[0.239s] -- Using all available rosidl_typesupport_c: rosidl_typesupport_fastrtps_c;rosidl_typesupport_introspection_c
[0.247s] -- Using all available rosidl_typesupport_cpp: rosidl_typesupport_fastrtps_cpp;rosidl_typesupport_introspection_cpp
[0.274s] -- Found rclcpp: 16.0.11 (/opt/ros/humble/share/rclcpp/cmake)
[0.292s] -- Found rmw_implementation_cmake: 6.1.2 (/opt/ros/humble/share/rmw_implementation_cmake/cmake)
[0.293s] -- Found rmw_fastrtps_cpp: 6.2.7 (/opt/ros/humble/share/rmw_fastrtps_cpp/cmake)
[3.205s] -- Using RMW implementation 'rmw_fastrtps_cpp' as default
[3.234s] -- Found rclcpp_action: 16.0.11 (/opt/ros/humble/share/rclcpp_action/cmake)
[3.258s] -- Found std_srvs: 4.2.4 (/opt/ros/humble/share/std_srvs/cmake)
[3.264s] -- Found turtlesim: 1.4.2 (/opt/ros/humble/share/turtlesim/cmake)
[3.275s] -- Found ament_lint_auto: 0.12.11 (/opt/ros/humble/share/ament_lint_auto/cmake)
[3.341s] -- Added test 'cppcheck' to perform static code analysis on C / C++ code
[3.342s] -- Configured cppcheck include dirs: $<BUILD_INTERFACE:/root/ros2_ws/src/project_03/include>
[3.342s] -- Configured cppcheck exclude dirs and/or files: 
[3.344s] -- Added test 'flake8' to check Python code syntax and style conventions
[3.348s] -- Added test 'lint_cmake' to check CMake code style
[3.351s] -- Added test 'pep257' to check Python code against some of the docstring style conventions in PEP 257
[3.365s] -- Added test 'uncrustify' to check C / C++ code style
[3.365s] -- Configured uncrustify additional arguments: 
[3.367s] -- Added test 'xmllint' to check XML markup files
[3.368s] -- Configuring done
[3.392s] -- Generating done
[3.398s] -- Build files have been written to: /root/ros2_ws/src/project_03/build/goto_node
[3.418s] [35m[1mConsolidate compiler generated dependencies of target goto_node[0m
[3.428s] [ 25%] [32mBuilding CXX object CMakeFiles/target_publisher_node.dir/src/target_publisher_node.cpp.o[0m
[3.435s] [01m[K/root/ros2_ws/src/project_03/src/target_publisher_node.cpp:1:10:[m[K [01;31m[Kfatal error: [m[Krclcpp/rclcpp.hpp: No such file or directory
[3.435s]     1 | #include [01;31m[K"rclcpp/rclcpp.hpp"[m[K
[3.435s]       |          [01;31m[K^~~~~~~~~~~~~~~~~~~[m[K
[3.435s] compilation terminated.
[3.435s] [ 75%] Built target goto_node
[3.436s] gmake[2]: *** [CMakeFiles/target_publisher_node.dir/build.make:76: CMakeFiles/target_publisher_node.dir/src/target_publisher_node.cpp.o] Error 1
[3.436s] gmake[1]: *** [CMakeFiles/Makefile2:165: CMakeFiles/target_publisher_node.dir/all] Error 2
[3.436s] gmake[1]: *** Waiting for unfinished jobs....
[3.436s] gmake: *** [Makefile:146: all] Error 2
[3.440s] Invoked command in '/root/ros2_ws/src/project_03/build/goto_node' returned '2': CMAKE_PREFIX_PATH=/opt/ros/humble /usr/bin/cmake --build /root/ros2_ws/src/project_03/build/goto_node -- -j8 -l8
