[0.000000] (-) TimerEvent: {}
[0.001326] (project_03) JobQueued: {'identifier': 'project_03', 'dependencies': OrderedDict()}
[0.002797] (project_03) JobStarted: {'identifier': 'project_03'}
[0.009489] (project_03) JobProgress: {'identifier': 'project_03', 'progress': 'cmake'}
[0.012535] (project_03) JobProgress: {'identifier': 'project_03', 'progress': 'build'}
[0.012664] (project_03) Command: {'cmd': ['/usr/bin/cmake', '--build', '/root/ros2_ws/src/project_03/build/project_03', '--', '-j8', '-l8'], 'cwd': '/root/ros2_ws/src/project_03/build/project_03', 'env': OrderedDict([('LESSOPEN', '| /usr/bin/lesspipe %s'), ('USER', 'root'), ('GIT_ASKPASS', '/root/.vscode-server/bin/ddc367ed5c8936efe395cffeec279b04ffd7db78/extensions/git/dist/askpass.sh'), ('SHLVL', '2'), ('LD_LIBRARY_PATH', '/root/ros2_ws/install/turtlesim/lib:/root/ros2_ws/install/turtlebot3_msgs/lib:/root/ros2_ws/install/endicott_interfaces/lib:/root/ros2_ws/install/dynamixel_sdk_custom_interfaces/lib:/root/ros2_ws/install/dynamixel_sdk/lib:/root/ros2_ws/src/endicott_interfaces/install/endicott_interfaces/lib:/usr/lib/x86_64-linux-gnu/gazebo-11/plugins:/opt/ros/humble/opt/rviz_ogre_vendor/lib:/opt/ros/humble/lib/x86_64-linux-gnu:/opt/ros/humble/lib'), ('HOME', '/root'), ('OLDPWD', '/root/ros2_ws/src'), ('TERM_PROGRAM_VERSION', '1.98.2'), ('VSCODE_IPC_HOOK_CLI', '/run/user/0/vscode-ipc-e6112974-15a9-46ad-b1fa-e57f28b405cd.sock'), ('ROS_PYTHON_VERSION', '3'), ('VSCODE_GIT_ASKPASS_MAIN', '/root/.vscode-server/bin/ddc367ed5c8936efe395cffeec279b04ffd7db78/extensions/git/dist/askpass-main.js'), ('VSCODE_GIT_ASKPASS_NODE', '/root/.vscode-server/bin/ddc367ed5c8936efe395cffeec279b04ffd7db78/node'), ('DBUS_SESSION_BUS_ADDRESS', 'unix:path=/run/user/0/bus'), ('COLORTERM', 'truecolor'), ('WSL_DISTRO_NAME', 'Ubuntu-22.04'), ('DEBUGINFOD_URLS', ''), ('WAYLAND_DISPLAY', 'wayland-0'), ('COLCON_PREFIX_PATH', '/root/ros2_ws/install:/root/ros2_ws/src/project_03/install:/root/ros2_ws/src/endicott_interfaces/install'), ('ROS_DISTRO', 'humble'), ('LOGNAME', 'root'), ('NAME', 'Code'), ('WSL_INTEROP', '/run/WSL/177563_interop'), ('PULSE_SERVER', 'unix:/mnt/wslg/PulseServer'), ('_', '/usr/bin/colcon'), ('ROS_VERSION', '2'), ('TERM', 'xterm-256color'), ('ROS_LOCALHOST_ONLY', '0'), ('PATH', '/root/.vscode-server/bin/ddc367ed5c8936efe395cffeec279b04ffd7db78/bin/remote-cli:/opt/ros/humble/bin:/usr/local/sbin:/usr/local/bin:/usr/sbin:/usr/bin:/sbin:/bin:/usr/games:/usr/local/games:/usr/lib/wsl/lib:/mnt/c/Program Files/Microsoft/jdk-11.0.16.101-hotspot/bin:/mnt/c/WINDOWS/system32:/mnt/c/WINDOWS:/mnt/c/WINDOWS/System32/Wbem:/mnt/c/WINDOWS/System32/WindowsPowerShell/v1.0/:/mnt/c/WINDOWS/System32/OpenSSH/:/mnt/c/Program Files/MATLAB/R2016a/bin:/mnt/c/Program Files/Git/cmd:/mnt/c/Program Files (x86)/Windows Live/Shared:/mnt/c/Program Files/dotnet/:/mnt/c/Program Files (x86)/IVI Foundation/VISA/WinNT/Bin:/mnt/c/Program Files/Docker/Docker/resources/bin:/mnt/c/Program Files (x86)/Windows Kits/10/Windows Performance Toolkit/:/mnt/c/Program Files/PowerShell/7/:/mnt/c/Users/Lucas/AppData/Local/Programs/Python/Launcher/:/mnt/c/Users/Lucas/AppData/Local/Microsoft/WindowsApps:/mnt/c/Users/Lucas/AppData/Local/GitHubDesktop/bin:/mnt/c/Users/Lucas/AppData/Local/Programs/Microsoft VS Code Insiders/bin:/mnt/c/Users/Lucas/AppData/Local/Programs/Microsoft VS Code/bin:/snap/bin'), ('XDG_RUNTIME_DIR', '/run/user/0/'), ('DISPLAY', ':0'), ('LANG', 'C.UTF-8'), ('LS_COLORS', 'rs=0:di=01;34:ln=01;36:mh=00:pi=40;33:so=01;35:do=01;35:bd=40;33;01:cd=40;33;01:or=40;31;01:mi=00:su=37;41:sg=30;43:ca=30;41:tw=30;42:ow=34;42:st=37;44:ex=01;32:*.tar=01;31:*.tgz=01;31:*.arc=01;31:*.arj=01;31:*.taz=01;31:*.lha=01;31:*.lz4=01;31:*.lzh=01;31:*.lzma=01;31:*.tlz=01;31:*.txz=01;31:*.tzo=01;31:*.t7z=01;31:*.zip=01;31:*.z=01;31:*.dz=01;31:*.gz=01;31:*.lrz=01;31:*.lz=01;31:*.lzo=01;31:*.xz=01;31:*.zst=01;31:*.tzst=01;31:*.bz2=01;31:*.bz=01;31:*.tbz=01;31:*.tbz2=01;31:*.tz=01;31:*.deb=01;31:*.rpm=01;31:*.jar=01;31:*.war=01;31:*.ear=01;31:*.sar=01;31:*.rar=01;31:*.alz=01;31:*.ace=01;31:*.zoo=01;31:*.cpio=01;31:*.7z=01;31:*.rz=01;31:*.cab=01;31:*.wim=01;31:*.swm=01;31:*.dwm=01;31:*.esd=01;31:*.jpg=01;35:*.jpeg=01;35:*.mjpg=01;35:*.mjpeg=01;35:*.gif=01;35:*.bmp=01;35:*.pbm=01;35:*.pgm=01;35:*.ppm=01;35:*.tga=01;35:*.xbm=01;35:*.xpm=01;35:*.tif=01;35:*.tiff=01;35:*.png=01;35:*.svg=01;35:*.svgz=01;35:*.mng=01;35:*.pcx=01;35:*.mov=01;35:*.mpg=01;35:*.mpeg=01;35:*.m2v=01;35:*.mkv=01;35:*.webm=01;35:*.webp=01;35:*.ogm=01;35:*.mp4=01;35:*.m4v=01;35:*.mp4v=01;35:*.vob=01;35:*.qt=01;35:*.nuv=01;35:*.wmv=01;35:*.asf=01;35:*.rm=01;35:*.rmvb=01;35:*.flc=01;35:*.avi=01;35:*.fli=01;35:*.flv=01;35:*.gl=01;35:*.dl=01;35:*.xcf=01;35:*.xwd=01;35:*.yuv=01;35:*.cgm=01;35:*.emf=01;35:*.ogv=01;35:*.ogx=01;35:*.aac=00;36:*.au=00;36:*.flac=00;36:*.m4a=00;36:*.mid=00;36:*.midi=00;36:*.mka=00;36:*.mp3=00;36:*.mpc=00;36:*.ogg=00;36:*.ra=00;36:*.wav=00;36:*.oga=00;36:*.opus=00;36:*.spx=00;36:*.xspf=00;36:'), ('VSCODE_GIT_IPC_HANDLE', '/run/user/0/vscode-git-bcdd5166ca.sock'), ('TERM_PROGRAM', 'vscode'), ('AMENT_PREFIX_PATH', '/root/ros2_ws/install/turtlesim:/root/ros2_ws/install/turtlebot3:/root/ros2_ws/install/turtlebot3_teleop:/root/ros2_ws/install/turtlebot3_simulations:/root/ros2_ws/install/turtlebot3_bringup:/root/ros2_ws/install/turtlebot3_node:/root/ros2_ws/install/turtlebot3_navigation2:/root/ros2_ws/install/turtlebot3_fake_node:/root/ros2_ws/install/turtlebot3_example:/root/ros2_ws/install/turtlebot3_msgs:/root/ros2_ws/install/turtlebot3_gazebo:/root/ros2_ws/install/turtlebot3_description:/root/ros2_ws/install/turtlebot3_cartographer:/root/ros2_ws/install/project_03:/root/ros2_ws/install/goto_node:/root/ros2_ws/install/endicott_interfaces:/root/ros2_ws/install/dynamixel_sdk_examples:/root/ros2_ws/install/dynamixel_sdk_custom_interfaces:/root/ros2_ws/install/dynamixel_sdk:/root/ros2_ws/src/project_03/install/project_03:/root/ros2_ws/src/endicott_interfaces/install/endicott_interfaces:/opt/ros/humble'), ('SHELL', '/bin/bash'), ('LESSCLOSE', '/usr/bin/lesspipe %s %s'), ('VSCODE_GIT_ASKPASS_EXTRA_ARGS', ''), ('PWD', '/root/ros2_ws/src/project_03/build/project_03'), ('TURTLEBOT3_MODEL', 'burger'), ('XDG_DATA_DIRS', '/usr/local/share:/usr/share:/var/lib/snapd/desktop'), ('PYTHONPATH', '/root/ros2_ws/install/turtlesim/local/lib/python3.10/dist-packages:/root/ros2_ws/install/turtlebot3_teleop/lib/python3.10/site-packages:/root/ros2_ws/install/turtlebot3_example/lib/python3.10/site-packages:/root/ros2_ws/install/turtlebot3_msgs/local/lib/python3.10/dist-packages:/root/ros2_ws/install/endicott_interfaces/local/lib/python3.10/dist-packages:/root/ros2_ws/install/dynamixel_sdk_custom_interfaces/local/lib/python3.10/dist-packages:/root/ros2_ws/src/endicott_interfaces/install/endicott_interfaces/local/lib/python3.10/dist-packages:/opt/ros/humble/lib/python3.10/site-packages:/opt/ros/humble/local/lib/python3.10/dist-packages'), ('COLCON', '1'), ('WSL2_GUI_APPS_ENABLED', '1'), ('HOSTTYPE', 'x86_64'), ('CMAKE_PREFIX_PATH', '/root/ros2_ws/install/turtlesim:/root/ros2_ws/install/turtlebot3:/root/ros2_ws/install/turtlebot3_simulations:/root/ros2_ws/install/turtlebot3_bringup:/root/ros2_ws/install/turtlebot3_node:/root/ros2_ws/install/turtlebot3_navigation2:/root/ros2_ws/install/turtlebot3_fake_node:/root/ros2_ws/install/turtlebot3_msgs:/root/ros2_ws/install/turtlebot3_gazebo:/root/ros2_ws/install/turtlebot3_description:/root/ros2_ws/install/turtlebot3_cartographer:/root/ros2_ws/install/project_03:/root/ros2_ws/install/goto_node:/root/ros2_ws/install/endicott_interfaces:/root/ros2_ws/install/dynamixel_sdk_examples:/root/ros2_ws/install/dynamixel_sdk_custom_interfaces:/root/ros2_ws/install/dynamixel_sdk:/root/ros2_ws/src/project_03/install/project_03:/root/ros2_ws/src/endicott_interfaces/install/endicott_interfaces:/root/ros2_ws/install/turtlebot3_teleop:/root/ros2_ws/install/turtlebot3_example:/opt/ros/humble'), ('WSLENV', 'ELECTRON_RUN_AS_NODE/w:')]), 'shell': False}
[0.050946] (project_03) StdoutLine: {'line': b'-- Found ament_cmake: 1.3.11 (/opt/ros/humble/share/ament_cmake/cmake)\n'}
[0.099090] (-) TimerEvent: {}
[0.199536] (-) TimerEvent: {}
[0.220172] (project_03) StdoutLine: {'line': b'-- Found rosidl_default_generators: 1.2.0 (/opt/ros/humble/share/rosidl_default_generators/cmake)\n'}
[0.226510] (project_03) StdoutLine: {'line': b'-- Using all available rosidl_typesupport_c: rosidl_typesupport_fastrtps_c;rosidl_typesupport_introspection_c\n'}
[0.231471] (project_03) StdoutLine: {'line': b'-- Found rosidl_adapter: 3.1.6 (/opt/ros/humble/share/rosidl_adapter/cmake)\n'}
[0.299690] (-) TimerEvent: {}
[0.368349] (project_03) StdoutLine: {'line': b'-- Using all available rosidl_typesupport_cpp: rosidl_typesupport_fastrtps_cpp;rosidl_typesupport_introspection_cpp\n'}
[0.399828] (-) TimerEvent: {}
[0.403227] (project_03) StdoutLine: {'line': b'-- Found ament_index_cpp: 1.4.0 (/opt/ros/humble/share/ament_index_cpp/cmake)\n'}
[0.405329] (project_03) StdoutLine: {'line': b'-- Found geometry_msgs: 4.2.4 (/opt/ros/humble/share/geometry_msgs/cmake)\n'}
[0.475398] (project_03) StdoutLine: {'line': b'-- Found rclcpp: 16.0.11 (/opt/ros/humble/share/rclcpp/cmake)\n'}
[0.500063] (-) TimerEvent: {}
[0.521443] (project_03) StdoutLine: {'line': b'-- Found rmw_implementation_cmake: 6.1.2 (/opt/ros/humble/share/rmw_implementation_cmake/cmake)\n'}
[0.525808] (project_03) StdoutLine: {'line': b'-- Found rmw_fastrtps_cpp: 6.2.7 (/opt/ros/humble/share/rmw_fastrtps_cpp/cmake)\n'}
[0.600179] (-) TimerEvent: {}
[0.700565] (-) TimerEvent: {}
[0.800954] (-) TimerEvent: {}
[0.901329] (-) TimerEvent: {}
[1.001738] (-) TimerEvent: {}
[1.102090] (-) TimerEvent: {}
[1.202503] (-) TimerEvent: {}
[1.302857] (-) TimerEvent: {}
[1.403166] (-) TimerEvent: {}
[1.503508] (-) TimerEvent: {}
[1.603820] (-) TimerEvent: {}
[1.704160] (-) TimerEvent: {}
[1.804588] (-) TimerEvent: {}
[1.905303] (-) TimerEvent: {}
[2.005668] (-) TimerEvent: {}
[2.106017] (-) TimerEvent: {}
[2.206401] (-) TimerEvent: {}
[2.306960] (-) TimerEvent: {}
[2.407298] (-) TimerEvent: {}
[2.507680] (-) TimerEvent: {}
[2.608038] (-) TimerEvent: {}
[2.708408] (-) TimerEvent: {}
[2.808808] (-) TimerEvent: {}
[2.909158] (-) TimerEvent: {}
[3.009659] (-) TimerEvent: {}
[3.110128] (-) TimerEvent: {}
[3.210668] (-) TimerEvent: {}
[3.311009] (-) TimerEvent: {}
[3.411338] (-) TimerEvent: {}
[3.511657] (-) TimerEvent: {}
[3.519520] (project_03) StdoutLine: {'line': b"-- Using RMW implementation 'rmw_fastrtps_cpp' as default\n"}
[3.589193] (project_03) StdoutLine: {'line': b'-- Found rclcpp_action: 16.0.11 (/opt/ros/humble/share/rclcpp_action/cmake)\n'}
[3.611901] (-) TimerEvent: {}
[3.653264] (project_03) StdoutLine: {'line': b'-- Found std_srvs: 4.2.4 (/opt/ros/humble/share/std_srvs/cmake)\n'}
[3.671231] (project_03) StdoutLine: {'line': b'-- Found turtlesim: 1.4.2 (/opt/ros/humble/share/turtlesim/cmake)\n'}
[3.695468] (project_03) StdoutLine: {'line': b'-- Found endicott_interfaces: 0.0.0 (/root/ros2_ws/src/endicott_interfaces/install/endicott_interfaces/share/endicott_interfaces/cmake)\n'}
[3.710825] (project_03) StdoutLine: {'line': b'-- Found ament_lint_auto: 0.12.11 (/opt/ros/humble/share/ament_lint_auto/cmake)\n'}
[3.711985] (-) TimerEvent: {}
[3.812327] (-) TimerEvent: {}
[3.828425] (project_03) StdoutLine: {'line': b"-- Added test 'cppcheck' to perform static code analysis on C / C++ code\n"}
[3.828637] (project_03) StdoutLine: {'line': b'-- Configured cppcheck include dirs: $<BUILD_INTERFACE:/root/ros2_ws/src/project_03/include>\n'}
[3.828700] (project_03) StdoutLine: {'line': b'-- Configured cppcheck exclude dirs and/or files: \n'}
[3.831700] (project_03) StdoutLine: {'line': b"-- Added test 'flake8' to check Python code syntax and style conventions\n"}
[3.836573] (project_03) StdoutLine: {'line': b"-- Added test 'lint_cmake' to check CMake code style\n"}
[3.839506] (project_03) StdoutLine: {'line': b"-- Added test 'pep257' to check Python code against some of the docstring style conventions in PEP 257\n"}
[3.854291] (project_03) StdoutLine: {'line': b"-- Added test 'uncrustify' to check C / C++ code style\n"}
[3.854572] (project_03) StdoutLine: {'line': b'-- Configured uncrustify additional arguments: \n'}
[3.858059] (project_03) StdoutLine: {'line': b"-- Added test 'xmllint' to check XML markup files\n"}
[3.859862] (project_03) StdoutLine: {'line': b'-- Configuring done\n'}
[3.875808] (project_03) StdoutLine: {'line': b'-- Generating done\n'}
[3.881308] (project_03) StdoutLine: {'line': b'-- Build files have been written to: /root/ros2_ws/src/project_03/build/project_03\n'}
[3.902708] (project_03) StdoutLine: {'line': b'\x1b[35m\x1b[1mConsolidate compiler generated dependencies of target goto_target_node\x1b[0m\n'}
[3.903425] (project_03) StdoutLine: {'line': b'\x1b[35m\x1b[1mConsolidate compiler generated dependencies of target target_sequence_node\x1b[0m\n'}
[3.912459] (-) TimerEvent: {}
[3.919768] (project_03) StdoutLine: {'line': b'[ 25%] \x1b[32mBuilding CXX object CMakeFiles/goto_target_node.dir/src/goto_target_node.cpp.o\x1b[0m\n'}
[3.922338] (project_03) StdoutLine: {'line': b'[ 50%] \x1b[32mBuilding CXX object CMakeFiles/target_sequence_node.dir/src/target_sequence_node.cpp.o\x1b[0m\n'}
[4.012743] (-) TimerEvent: {}
[4.113090] (-) TimerEvent: {}
[4.213637] (-) TimerEvent: {}
[4.314181] (-) TimerEvent: {}
[4.414607] (-) TimerEvent: {}
[4.515055] (-) TimerEvent: {}
[4.615500] (-) TimerEvent: {}
[4.715830] (-) TimerEvent: {}
[4.816131] (-) TimerEvent: {}
[4.916705] (-) TimerEvent: {}
[5.017240] (-) TimerEvent: {}
[5.117657] (-) TimerEvent: {}
[5.218383] (-) TimerEvent: {}
[5.318793] (-) TimerEvent: {}
[5.419273] (-) TimerEvent: {}
[5.519734] (-) TimerEvent: {}
[5.620256] (-) TimerEvent: {}
[5.720863] (-) TimerEvent: {}
[5.821380] (-) TimerEvent: {}
[5.921812] (-) TimerEvent: {}
[6.022268] (-) TimerEvent: {}
[6.122775] (-) TimerEvent: {}
[6.223276] (-) TimerEvent: {}
[6.292695] (project_03) StderrLine: {'line': b'\x1b[01m\x1b[K/root/ros2_ws/src/project_03/src/target_sequence_node.cpp:61:35:\x1b[m\x1b[K \x1b[01;31m\x1b[Kerror: \x1b[m\x1b[K\xe2\x80\x98\x1b[01m\x1b[Kendicott_interfaces\x1b[m\x1b[K\xe2\x80\x99 does not name a type\n'}
[6.293390] (project_03) StderrLine: {'line': b'   61 |   void goto_status_callback(const \x1b[01;31m\x1b[Kendicott_interfaces\x1b[m\x1b[K::msg::MoveStatus::SharedPtr msg) {\n'}
[6.293654] (project_03) StderrLine: {'line': b'      |                                   \x1b[01;31m\x1b[K^~~~~~~~~~~~~~~~~~~\x1b[m\x1b[K\n'}
[6.293716] (project_03) StderrLine: {'line': b'\x1b[01m\x1b[K/root/ros2_ws/src/project_03/src/target_sequence_node.cpp:61:59:\x1b[m\x1b[K \x1b[01;31m\x1b[Kerror: \x1b[m\x1b[Kexpected unqualified-id before \xe2\x80\x98\x1b[01m\x1b[K::\x1b[m\x1b[K\xe2\x80\x99 token\n'}
[6.293764] (project_03) StderrLine: {'line': b'   61 |   void goto_status_callback(const endicott_interfaces::msg\x1b[01;31m\x1b[K::\x1b[m\x1b[KMoveStatus::SharedPtr msg) {\n'}
[6.293811] (project_03) StderrLine: {'line': b'      |                                                           \x1b[01;31m\x1b[K^~\x1b[m\x1b[K\n'}
[6.293855] (project_03) StderrLine: {'line': b'\x1b[01m\x1b[K/root/ros2_ws/src/project_03/src/target_sequence_node.cpp:61:59:\x1b[m\x1b[K \x1b[01;31m\x1b[Kerror: \x1b[m\x1b[Kexpected \xe2\x80\x98\x1b[01m\x1b[K)\x1b[m\x1b[K\xe2\x80\x99 before \xe2\x80\x98\x1b[01m\x1b[K::\x1b[m\x1b[K\xe2\x80\x99 token\n'}
[6.293900] (project_03) StderrLine: {'line': b'   61 |   void goto_status_callback\x1b[34m\x1b[K(\x1b[m\x1b[Kconst endicott_interfaces::msg\x1b[01;31m\x1b[K:\x1b[m\x1b[K\x1b[32m\x1b[K:\x1b[m\x1b[KMoveStatus::SharedPtr msg) {\n'}
[6.293950] (project_03) StderrLine: {'line': b'      |                            \x1b[34m\x1b[K~\x1b[m\x1b[K                              \x1b[01;31m\x1b[K^\x1b[m\x1b[K\x1b[32m\x1b[K~\x1b[m\x1b[K\n'}
[6.293994] (project_03) StderrLine: {'line': b'      |                                                           \x1b[32m\x1b[K)\x1b[m\x1b[K\n'}
[6.295414] (project_03) StderrLine: {'line': b'\x1b[01m\x1b[K/root/ros2_ws/src/project_03/src/target_sequence_node.cpp:61:56:\x1b[m\x1b[K \x1b[01;31m\x1b[Kerror: \x1b[m\x1b[Kexpected \xe2\x80\x98\x1b[01m\x1b[K;\x1b[m\x1b[K\xe2\x80\x99 at end of member declaration\n'}
[6.295667] (project_03) StderrLine: {'line': b'   61 |   void goto_status_callback(const endicott_interfaces::\x1b[01;31m\x1b[Kmsg\x1b[m\x1b[K::MoveStatus::SharedPtr msg) {\n'}
[6.295731] (project_03) StderrLine: {'line': b'      |                                                        \x1b[01;31m\x1b[K^~~\x1b[m\x1b[K\n'}
[6.295776] (project_03) StderrLine: {'line': b'      |                                                           \x1b[32m\x1b[K;\x1b[m\x1b[K\n'}
[6.298660] (project_03) StderrLine: {'line': b'\x1b[01m\x1b[K/root/ros2_ws/src/project_03/src/target_sequence_node.cpp:61:61:\x1b[m\x1b[K \x1b[01;31m\x1b[Kerror: \x1b[m\x1b[K\xe2\x80\x98\x1b[01m\x1b[KMoveStatus\x1b[m\x1b[K\xe2\x80\x99 in namespace \xe2\x80\x98\x1b[01m\x1b[K::\x1b[m\x1b[K\xe2\x80\x99 does not name a type\n'}
[6.298864] (project_03) StderrLine: {'line': b'   61 |   void goto_status_callback(const endicott_interfaces::msg::\x1b[01;31m\x1b[KMoveStatus\x1b[m\x1b[K::SharedPtr msg) {\n'}
[6.298919] (project_03) StderrLine: {'line': b'      |                                                             \x1b[01;31m\x1b[K^~~~~~~~~~\x1b[m\x1b[K\n'}
[6.304032] (project_03) StderrLine: {'line': b'\x1b[01m\x1b[K/root/ros2_ws/src/project_03/src/target_sequence_node.cpp:76:3:\x1b[m\x1b[K \x1b[01;31m\x1b[Kerror: \x1b[m\x1b[K\xe2\x80\x98\x1b[01m\x1b[Kstring\x1b[m\x1b[K\xe2\x80\x99 does not name a type; did you mean \xe2\x80\x98\x1b[01m\x1b[Kstdin\x1b[m\x1b[K\xe2\x80\x99?\n'}
[6.304258] (project_03) StderrLine: {'line': b'   76 |   \x1b[01;31m\x1b[Kstring\x1b[m\x1b[K goto_state;\n'}
[6.304316] (project_03) StderrLine: {'line': b'      |   \x1b[01;31m\x1b[K^~~~~~\x1b[m\x1b[K\n'}
[6.304362] (project_03) StderrLine: {'line': b'      |   \x1b[32m\x1b[Kstdin\x1b[m\x1b[K\n'}
[6.315082] (project_03) StderrLine: {'line': b'\x1b[01m\x1b[K/root/ros2_ws/src/project_03/src/target_sequence_node.cpp:\x1b[m\x1b[K In constructor \xe2\x80\x98\x1b[01m\x1b[KTargetPublisherNode::TargetPublisherNode()\x1b[m\x1b[K\xe2\x80\x99:\n'}
[6.315355] (project_03) StderrLine: {'line': b'\x1b[01m\x1b[K/root/ros2_ws/src/project_03/src/target_sequence_node.cpp:19:5:\x1b[m\x1b[K \x1b[01;31m\x1b[Kerror: \x1b[m\x1b[K\xe2\x80\x98\x1b[01m\x1b[Kgoto_status_subscription_\x1b[m\x1b[K\xe2\x80\x99 was not declared in this scope\n'}
[6.315411] (project_03) StderrLine: {'line': b'   19 |     \x1b[01;31m\x1b[Kgoto_status_subscription_\x1b[m\x1b[K  = create_subscription<endicott_interfaces::msg::MoveStatus>(\n'}
[6.315461] (project_03) StderrLine: {'line': b'      |     \x1b[01;31m\x1b[K^~~~~~~~~~~~~~~~~~~~~~~~~\x1b[m\x1b[K\n'}
[6.322743] (project_03) StderrLine: {'line': b'\x1b[01m\x1b[K/root/ros2_ws/src/project_03/src/target_sequence_node.cpp:19:54:\x1b[m\x1b[K \x1b[01;31m\x1b[Kerror: \x1b[m\x1b[K\xe2\x80\x98\x1b[01m\x1b[Kendicott_interfaces\x1b[m\x1b[K\xe2\x80\x99 was not declared in this scope; did you mean \xe2\x80\x98\x1b[01m\x1b[Krcl_interfaces\x1b[m\x1b[K\xe2\x80\x99?\n'}
[6.323001] (project_03) StderrLine: {'line': b'   19 |     goto_status_subscription_  = create_subscription<\x1b[01;31m\x1b[Kendicott_interfaces\x1b[m\x1b[K::msg::MoveStatus>(\n'}
[6.323069] (project_03) StderrLine: {'line': b'      |                                                      \x1b[01;31m\x1b[K^~~~~~~~~~~~~~~~~~~\x1b[m\x1b[K\n'}
[6.323128] (project_03) StderrLine: {'line': b'      |                                                      \x1b[32m\x1b[Krcl_interfaces\x1b[m\x1b[K\n'}
[6.323178] (project_03) StderrLine: {'line': b'\x1b[01m\x1b[K/root/ros2_ws/src/project_03/src/target_sequence_node.cpp:19:34:\x1b[m\x1b[K \x1b[01;31m\x1b[Kerror: \x1b[m\x1b[Kparse error in template argument list\n'}
[6.323223] (project_03) StderrLine: {'line': b'   19 |     goto_status_subscription_  = \x1b[01;31m\x1b[Kcreate_subscription<endicott_interfaces::msg::MoveStatus>\x1b[m\x1b[K(\n'}
[6.323268] (-) TimerEvent: {}
[6.323377] (project_03) StderrLine: {'line': b'      |                                  \x1b[01;31m\x1b[K^~~~~~~~~~~~~~~~~~~~~~~~~~~~~~~~~~~~~~~~~~~~~~~~~~~~~~~~~\x1b[m\x1b[K\n'}
[6.323452] (project_03) StderrLine: {'line': b'\x1b[01m\x1b[K/root/ros2_ws/src/project_03/src/target_sequence_node.cpp:20:36:\x1b[m\x1b[K \x1b[01;31m\x1b[Kerror: \x1b[m\x1b[K\xe2\x80\x98\x1b[01m\x1b[Ktarget_publisher_node\x1b[m\x1b[K\xe2\x80\x99 has not been declared\n'}
[6.323534] (project_03) StderrLine: {'line': b'   20 |     "/goto_status", 10, std::bind(&\x1b[01;31m\x1b[Ktarget_publisher_node\x1b[m\x1b[K::goto_status_callback, this, std::placeholders::_1));\n'}
[6.323624] (project_03) StderrLine: {'line': b'      |                                    \x1b[01;31m\x1b[K^~~~~~~~~~~~~~~~~~~~~\x1b[m\x1b[K\n'}
[6.323935] (project_03) StderrLine: {'line': b'\x1b[01m\x1b[K/root/ros2_ws/src/project_03/src/target_sequence_node.cpp:\x1b[m\x1b[K In member function \xe2\x80\x98\x1b[01m\x1b[Kvoid TargetPublisherNode::clean_rectangle(double, double, double, double)\x1b[m\x1b[K\xe2\x80\x99:\n'}
[6.324076] (project_03) StderrLine: {'line': b'\x1b[01m\x1b[K/root/ros2_ws/src/project_03/src/target_sequence_node.cpp:34:63:\x1b[m\x1b[K \x1b[01;35m\x1b[Kwarning: \x1b[m\x1b[Kunused parameter \xe2\x80\x98\x1b[01m\x1b[Ky2\x1b[m\x1b[K\xe2\x80\x99 [\x1b[01;35m\x1b[K\x1b]8;;https://gcc.gnu.org/onlinedocs/gcc/Warning-Options.html#index-Wunused-parameter\x07-Wunused-parameter\x1b]8;;\x07\x1b[m\x1b[K]\n'}
[6.324133] (project_03) StderrLine: {'line': b'   34 | void clean_rectangle( double x1, double y1, double x2, \x1b[01;35m\x1b[Kdouble y2\x1b[m\x1b[K) {\n'}
[6.324182] (project_03) StderrLine: {'line': b'      |                                                        \x1b[01;35m\x1b[K~~~~~~~^~\x1b[m\x1b[K\n'}
[6.423442] (-) TimerEvent: {}
[6.523861] (-) TimerEvent: {}
[6.624326] (-) TimerEvent: {}
[6.724981] (-) TimerEvent: {}
[6.825476] (-) TimerEvent: {}
[6.925988] (-) TimerEvent: {}
[7.026790] (-) TimerEvent: {}
[7.099846] (project_03) StderrLine: {'line': b'gmake[2]: *** [CMakeFiles/target_sequence_node.dir/build.make:76: CMakeFiles/target_sequence_node.dir/src/target_sequence_node.cpp.o] Error 1\n'}
[7.100348] (project_03) StderrLine: {'line': b'gmake[1]: *** [CMakeFiles/Makefile2:165: CMakeFiles/target_sequence_node.dir/all] Error 2\n'}
[7.100475] (project_03) StderrLine: {'line': b'gmake[1]: *** Waiting for unfinished jobs....\n'}
[7.126954] (-) TimerEvent: {}
[7.227414] (-) TimerEvent: {}
[7.327844] (-) TimerEvent: {}
[7.428234] (-) TimerEvent: {}
[7.528933] (-) TimerEvent: {}
[7.629538] (-) TimerEvent: {}
[7.730183] (-) TimerEvent: {}
[7.830822] (-) TimerEvent: {}
[7.931457] (-) TimerEvent: {}
[8.031862] (-) TimerEvent: {}
[8.132322] (-) TimerEvent: {}
[8.232678] (-) TimerEvent: {}
[8.333038] (-) TimerEvent: {}
[8.433537] (-) TimerEvent: {}
[8.534017] (-) TimerEvent: {}
[8.634489] (-) TimerEvent: {}
[8.735209] (-) TimerEvent: {}
[8.836175] (-) TimerEvent: {}
[8.936773] (-) TimerEvent: {}
[9.037099] (-) TimerEvent: {}
[9.137463] (-) TimerEvent: {}
[9.237870] (-) TimerEvent: {}
[9.338307] (-) TimerEvent: {}
[9.438939] (-) TimerEvent: {}
[9.539520] (-) TimerEvent: {}
[9.639969] (-) TimerEvent: {}
[9.740443] (-) TimerEvent: {}
[9.841005] (-) TimerEvent: {}
[9.941364] (-) TimerEvent: {}
[10.041785] (-) TimerEvent: {}
[10.142218] (-) TimerEvent: {}
[10.242727] (-) TimerEvent: {}
[10.343204] (-) TimerEvent: {}
[10.443897] (-) TimerEvent: {}
[10.544304] (-) TimerEvent: {}
[10.644843] (-) TimerEvent: {}
[10.745691] (-) TimerEvent: {}
[10.846298] (-) TimerEvent: {}
[10.946731] (-) TimerEvent: {}
[11.047133] (-) TimerEvent: {}
[11.147773] (-) TimerEvent: {}
[11.248304] (-) TimerEvent: {}
[11.348642] (-) TimerEvent: {}
[11.449243] (-) TimerEvent: {}
[11.549872] (-) TimerEvent: {}
[11.650461] (-) TimerEvent: {}
[11.750973] (-) TimerEvent: {}
[11.851382] (-) TimerEvent: {}
[11.951763] (-) TimerEvent: {}
[12.052232] (-) TimerEvent: {}
[12.152733] (-) TimerEvent: {}
[12.253145] (-) TimerEvent: {}
[12.353694] (-) TimerEvent: {}
[12.454116] (-) TimerEvent: {}
[12.554582] (-) TimerEvent: {}
[12.655372] (-) TimerEvent: {}
[12.755785] (-) TimerEvent: {}
[12.856259] (-) TimerEvent: {}
[12.956760] (-) TimerEvent: {}
[13.057121] (-) TimerEvent: {}
[13.157590] (-) TimerEvent: {}
[13.257927] (-) TimerEvent: {}
[13.358368] (-) TimerEvent: {}
[13.458950] (-) TimerEvent: {}
[13.559505] (-) TimerEvent: {}
[13.637061] (project_03) StdoutLine: {'line': b'[ 75%] \x1b[32m\x1b[1mLinking CXX executable goto_target_node\x1b[0m\n'}
[13.659649] (-) TimerEvent: {}
[13.760299] (-) TimerEvent: {}
[13.861122] (-) TimerEvent: {}
[13.961503] (-) TimerEvent: {}
[14.062273] (-) TimerEvent: {}
[14.162739] (-) TimerEvent: {}
[14.184220] (project_03) StdoutLine: {'line': b'[ 75%] Built target goto_target_node\n'}
[14.185638] (project_03) StderrLine: {'line': b'gmake: *** [Makefile:146: all] Error 2\n'}
[14.188764] (project_03) CommandEnded: {'returncode': 2}
[14.201681] (project_03) JobEnded: {'identifier': 'project_03', 'rc': 2}
[14.204407] (-) EventReactorShutdown: {}
