[0.011s] Invoking command in '/root/ros2_ws/src/project_03/build/goto_node': CMAKE_PREFIX_PATH=/opt/ros/humble /usr/bin/cmake --build /root/ros2_ws/src/project_03/build/goto_node -- -j8 -l8
[0.038s] [35m[1mConsolidate compiler generated dependencies of target goto_node[0m
[0.050s] [ 50%] [32mBuilding CXX object CMakeFiles/goto_node.dir/src/goto_node.cpp.o[0m
[1.765s] [01m[K/root/ros2_ws/src/project_03/src/goto_node.cpp:37:28:[m[K [01;31m[Kerror: [m[Kâ€˜[01m[Kturtlesim[m[Kâ€™ does not name a type
[1.765s]    37 |   void pose_callback(const [01;31m[Kturtlesim[m[K::msg::Pose::SharedPtr msg) {
[1.765s]       |                            [01;31m[K^~~~~~~~~[m[K
[1.765s] [01m[K/root/ros2_ws/src/project_03/src/goto_node.cpp:37:42:[m[K [01;31m[Kerror: [m[Kexpected unqualified-id before â€˜[01m[K::[m[Kâ€™ token
[1.765s]    37 |   void pose_callback(const turtlesim::msg[01;31m[K::[m[KPose::SharedPtr msg) {
[1.765s]       |                                          [01;31m[K^~[m[K
[1.765s] [01m[K/root/ros2_ws/src/project_03/src/goto_node.cpp:37:42:[m[K [01;31m[Kerror: [m[Kexpected â€˜[01m[K)[m[Kâ€™ before â€˜[01m[K::[m[Kâ€™ token
[1.765s]    37 |   void pose_callback[34m[K([m[Kconst turtlesim::msg[01;31m[K:[m[K[32m[K:[m[KPose::SharedPtr msg) {
[1.765s]       |                     [34m[K~[m[K                    [01;31m[K^[m[K[32m[K~[m[K
[1.765s]       |                                          [32m[K)[m[K
[1.765s] [01m[K/root/ros2_ws/src/project_03/src/goto_node.cpp:37:39:[m[K [01;31m[Kerror: [m[Kexpected â€˜[01m[K;[m[Kâ€™ at end of member declaration
[1.765s]    37 |   void pose_callback(const turtlesim::[01;31m[Kmsg[m[K::Pose::SharedPtr msg) {
[1.765s]       |                                       [01;31m[K^~~[m[K
[1.765s]       |                                          [32m[K;[m[K
[1.766s] [01m[K/root/ros2_ws/src/project_03/src/goto_node.cpp:37:44:[m[K [01;31m[Kerror: [m[Kâ€˜[01m[KPose[m[Kâ€™ in namespace â€˜[01m[K::[m[Kâ€™ does not name a type
[1.767s]    37 |   void pose_callback(const turtlesim::msg::[01;31m[KPose[m[K::SharedPtr msg) {
[1.767s]       |                                            [01;31m[K^~~~[m[K
[1.805s] [01m[K/root/ros2_ws/src/project_03/src/goto_node.cpp:92:24:[m[K [01;31m[Kerror: [m[Kâ€˜[01m[Kturtlesim[m[Kâ€™ was not declared in this scope
[1.805s]    92 |   rclcpp::Subscription<[01;31m[Kturtlesim[m[K::msg::Pose>::SharedPtr pose_subscription_;
[1.805s]       |                        [01;31m[K^~~~~~~~~[m[K
[1.805s] [01m[K/root/ros2_ws/src/project_03/src/goto_node.cpp:92:44:[m[K [01;31m[Kerror: [m[Ktemplate argument 1 is invalid
[1.805s]    92 |   rclcpp::Subscription<turtlesim::msg::Pose[01;31m[K>[m[K::SharedPtr pose_subscription_;
[1.805s]       |                                            [01;31m[K^[m[K
[1.805s] [01m[K/root/ros2_ws/src/project_03/src/goto_node.cpp:92:44:[m[K [01;31m[Kerror: [m[Ktemplate argument 3 is invalid
[1.805s] [01m[K/root/ros2_ws/src/project_03/src/goto_node.cpp:92:44:[m[K [01;31m[Kerror: [m[Ktemplate argument 4 is invalid
[1.805s] [01m[K/root/ros2_ws/src/project_03/src/goto_node.cpp:92:44:[m[K [01;31m[Kerror: [m[Ktemplate argument 5 is invalid
[1.805s] [01m[K/root/ros2_ws/src/project_03/src/goto_node.cpp:92:47:[m[K [01;31m[Kerror: [m[Kexpected â€˜[01m[K;[m[Kâ€™ at end of member declaration
[1.805s]    92 |   rclcpp::Subscription<turtlesim::msg::Pose>::[01;31m[KSharedPtr[m[K pose_subscription_;
[1.805s]       |                                               [01;31m[K^~~~~~~~~[m[K
[1.805s]       |                                                        [32m[K;[m[K
[1.807s] [01m[K/root/ros2_ws/src/project_03/src/goto_node.cpp:92:57:[m[K [01;31m[Kerror: [m[Kâ€˜[01m[Kpose_subscription_[m[Kâ€™ does not name a type; did you mean â€˜[01m[Krmw_subscription_t[m[Kâ€™?
[1.807s]    92 |   rclcpp::Subscription<turtlesim::msg::Pose>::SharedPtr [01;31m[Kpose_subscription_[m[K;
[1.807s]       |                                                         [01;31m[K^~~~~~~~~~~~~~~~~~[m[K
[1.808s]       |                                                         [32m[Krmw_subscription_t[m[K
[1.821s] [01m[K/root/ros2_ws/src/project_03/src/goto_node.cpp:[m[K In constructor â€˜[01m[KGotoNode::GotoNode()[m[Kâ€™:
[1.821s] [01m[K/root/ros2_ws/src/project_03/src/goto_node.cpp:19:5:[m[K [01;31m[Kerror: [m[Kâ€˜[01m[Kpose_subscription_[m[Kâ€™ was not declared in this scope; did you mean â€˜[01m[Krmw_subscription_t[m[Kâ€™?
[1.821s]    19 |     [01;31m[Kpose_subscription_[m[K  = create_subscription<turtlesim::msg::Pose>(
[1.821s]       |     [01;31m[K^~~~~~~~~~~~~~~~~~[m[K
[1.822s]       |     [32m[Krmw_subscription_t[m[K
[1.826s] [01m[K/root/ros2_ws/src/project_03/src/goto_node.cpp:19:47:[m[K [01;31m[Kerror: [m[Kâ€˜[01m[Kturtlesim[m[Kâ€™ was not declared in this scope
[1.826s]    19 |     pose_subscription_  = create_subscription<[01;31m[Kturtlesim[m[K::msg::Pose>(
[1.826s]       |                                               [01;31m[K^~~~~~~~~[m[K
[1.826s] [01m[K/root/ros2_ws/src/project_03/src/goto_node.cpp:19:27:[m[K [01;31m[Kerror: [m[Kparse error in template argument list
[1.826s]    19 |     pose_subscription_  = [01;31m[Kcreate_subscription<turtlesim::msg::Pose>[m[K(
[1.826s]       |                           [01;31m[K^~~~~~~~~~~~~~~~~~~~~~~~~~~~~~~~~~~~~~~~~[m[K
[1.828s] [01m[K/root/ros2_ws/src/project_03/src/goto_node.cpp:19:68:[m[K [01;31m[Kerror: [m[Kno matching function for call to â€˜[01m[KGotoNode::create_subscription<<expression error> >(const char [14], int, std::_Bind_helper<false, void (GotoNode::*)(...), GotoNode*, const std::_Placeholder<1>&>::type)[m[Kâ€™
[1.828s]    19 |     pose_subscription_  = [01;31m[Kcreate_subscription<turtlesim::msg::Pose>([m[K
[1.828s]       |                           [01;31m[K~~~~~~~~~~~~~~~~~~~~~~~~~~~~~~~~~~~~~~~~~^[m[K
[1.828s]    20 | [01;31m[K        "/turtle1/pose", 10, std::bind(&GotoNode::pose_callback, this, std::placeholders::_1))[m[K;
[1.828s]       |         [01;31m[K~~~~~~~~~~~~~~~~~~~~~~~~~~~~~~~~~~~~~~~~~~~~~~~~~~~~~~~~~~~~~~~~~~~~~~~~~~~~~~~~~~~~~~[m[K
[1.828s] In file included from [01m[K/opt/ros/humble/include/rclcpp/rclcpp/node.hpp:1321[m[K,
[1.828s]                  from [01m[K/opt/ros/humble/include/rclcpp/rclcpp/executors/single_threaded_executor.hpp:28[m[K,
[1.828s]                  from [01m[K/opt/ros/humble/include/rclcpp/rclcpp/executors.hpp:22[m[K,
[1.828s]                  from [01m[K/opt/ros/humble/include/rclcpp/rclcpp/rclcpp.hpp:155[m[K,
[1.828s]                  from [01m[K/root/ros2_ws/src/project_03/src/goto_node.cpp:2[m[K:
[1.829s] [01m[K/opt/ros/humble/include/rclcpp/rclcpp/node_impl.hpp:92:1:[m[K [01;36m[Knote: [m[Kcandidate: â€˜[01m[Ktemplate<class MessageT, class CallbackT, class AllocatorT, class SubscriptionT, class MessageMemoryStrategyT> std::shared_ptr<ROSMessageT> rclcpp::Node::create_subscription(const string&, const rclcpp::QoS&, CallbackT&&, const rclcpp::SubscriptionOptionsWithAllocator<AllocatorT>&, typename MessageMemoryStrategyT::SharedPtr)[m[Kâ€™
[1.829s]    92 | [01;36m[KNode[m[K::create_subscription(
[1.829s]       | [01;36m[K^~~~[m[K
[1.829s] [01m[K/opt/ros/humble/include/rclcpp/rclcpp/node_impl.hpp:92:1:[m[K [01;36m[Knote: [m[K  template argument deduction/substitution failed:
[1.829s] [01m[K/root/ros2_ws/src/project_03/src/goto_node.cpp:19:68:[m[K [01;31m[Kerror: [m[Ktemplate argument 1 is invalid
[1.829s]    19 |     pose_subscription_  = [01;31m[Kcreate_subscription<turtlesim::msg::Pose>([m[K
[1.829s]       |                           [01;31m[K~~~~~~~~~~~~~~~~~~~~~~~~~~~~~~~~~~~~~~~~~^[m[K
[1.829s]    20 | [01;31m[K        "/turtle1/pose", 10, std::bind(&GotoNode::pose_callback, this, std::placeholders::_1))[m[K;
[1.829s]       |         [01;31m[K~~~~~~~~~~~~~~~~~~~~~~~~~~~~~~~~~~~~~~~~~~~~~~~~~~~~~~~~~~~~~~~~~~~~~~~~~~~~~~~~~~~~~~[m[K
[3.769s] gmake[2]: *** [CMakeFiles/goto_node.dir/build.make:76: CMakeFiles/goto_node.dir/src/goto_node.cpp.o] Error 1
[3.769s] gmake[1]: *** [CMakeFiles/Makefile2:137: CMakeFiles/goto_node.dir/all] Error 2
[3.769s] gmake: *** [Makefile:146: all] Error 2
[3.771s] Invoked command in '/root/ros2_ws/src/project_03/build/goto_node' returned '2': CMAKE_PREFIX_PATH=/opt/ros/humble /usr/bin/cmake --build /root/ros2_ws/src/project_03/build/goto_node -- -j8 -l8
