[0.000000] (-) TimerEvent: {}
[0.000254] (project_03) JobQueued: {'identifier': 'project_03', 'dependencies': OrderedDict()}
[0.000317] (project_03) JobStarted: {'identifier': 'project_03'}
[0.009062] (project_03) JobProgress: {'identifier': 'project_03', 'progress': 'cmake'}
[0.010005] (project_03) JobProgress: {'identifier': 'project_03', 'progress': 'build'}
[0.011196] (project_03) Command: {'cmd': ['/usr/bin/cmake', '--build', '/root/ros2_ws/src/project_03/build/project_03', '--', '-j8', '-l8'], 'cwd': '/root/ros2_ws/src/project_03/build/project_03', 'env': OrderedDict([('LESSOPEN', '| /usr/bin/lesspipe %s'), ('USER', 'root'), ('GIT_ASKPASS', '/root/.vscode-server/bin/ddc367ed5c8936efe395cffeec279b04ffd7db78/extensions/git/dist/askpass.sh'), ('SHLVL', '2'), ('LD_LIBRARY_PATH', '/root/ros2_ws/install/turtlesim/lib:/root/ros2_ws/install/turtlebot3_msgs/lib:/root/ros2_ws/install/endicott_interfaces/lib:/root/ros2_ws/install/dynamixel_sdk_custom_interfaces/lib:/root/ros2_ws/install/dynamixel_sdk/lib:/root/ros2_ws/src/endicott_interfaces/install/endicott_interfaces/lib:/usr/lib/x86_64-linux-gnu/gazebo-11/plugins:/opt/ros/humble/opt/rviz_ogre_vendor/lib:/opt/ros/humble/lib/x86_64-linux-gnu:/opt/ros/humble/lib'), ('HOME', '/root'), ('OLDPWD', '/root/ros2_ws/src'), ('TERM_PROGRAM_VERSION', '1.98.2'), ('VSCODE_IPC_HOOK_CLI', '/run/user/0/vscode-ipc-e6112974-15a9-46ad-b1fa-e57f28b405cd.sock'), ('ROS_PYTHON_VERSION', '3'), ('VSCODE_GIT_ASKPASS_MAIN', '/root/.vscode-server/bin/ddc367ed5c8936efe395cffeec279b04ffd7db78/extensions/git/dist/askpass-main.js'), ('VSCODE_GIT_ASKPASS_NODE', '/root/.vscode-server/bin/ddc367ed5c8936efe395cffeec279b04ffd7db78/node'), ('DBUS_SESSION_BUS_ADDRESS', 'unix:path=/run/user/0/bus'), ('COLORTERM', 'truecolor'), ('WSL_DISTRO_NAME', 'Ubuntu-22.04'), ('DEBUGINFOD_URLS', ''), ('WAYLAND_DISPLAY', 'wayland-0'), ('COLCON_PREFIX_PATH', '/root/ros2_ws/install:/root/ros2_ws/src/project_03/install:/root/ros2_ws/src/endicott_interfaces/install'), ('ROS_DISTRO', 'humble'), ('LOGNAME', 'root'), ('NAME', 'Code'), ('WSL_INTEROP', '/run/WSL/177563_interop'), ('PULSE_SERVER', 'unix:/mnt/wslg/PulseServer'), ('_', '/usr/bin/colcon'), ('ROS_VERSION', '2'), ('TERM', 'xterm-256color'), ('ROS_LOCALHOST_ONLY', '0'), ('PATH', '/root/.vscode-server/bin/ddc367ed5c8936efe395cffeec279b04ffd7db78/bin/remote-cli:/opt/ros/humble/bin:/usr/local/sbin:/usr/local/bin:/usr/sbin:/usr/bin:/sbin:/bin:/usr/games:/usr/local/games:/usr/lib/wsl/lib:/mnt/c/Program Files/Microsoft/jdk-11.0.16.101-hotspot/bin:/mnt/c/WINDOWS/system32:/mnt/c/WINDOWS:/mnt/c/WINDOWS/System32/Wbem:/mnt/c/WINDOWS/System32/WindowsPowerShell/v1.0/:/mnt/c/WINDOWS/System32/OpenSSH/:/mnt/c/Program Files/MATLAB/R2016a/bin:/mnt/c/Program Files/Git/cmd:/mnt/c/Program Files (x86)/Windows Live/Shared:/mnt/c/Program Files/dotnet/:/mnt/c/Program Files (x86)/IVI Foundation/VISA/WinNT/Bin:/mnt/c/Program Files/Docker/Docker/resources/bin:/mnt/c/Program Files (x86)/Windows Kits/10/Windows Performance Toolkit/:/mnt/c/Program Files/PowerShell/7/:/mnt/c/Users/Lucas/AppData/Local/Programs/Python/Launcher/:/mnt/c/Users/Lucas/AppData/Local/Microsoft/WindowsApps:/mnt/c/Users/Lucas/AppData/Local/GitHubDesktop/bin:/mnt/c/Users/Lucas/AppData/Local/Programs/Microsoft VS Code Insiders/bin:/mnt/c/Users/Lucas/AppData/Local/Programs/Microsoft VS Code/bin:/snap/bin'), ('XDG_RUNTIME_DIR', '/run/user/0/'), ('DISPLAY', ':0'), ('LANG', 'C.UTF-8'), ('LS_COLORS', 'rs=0:di=01;34:ln=01;36:mh=00:pi=40;33:so=01;35:do=01;35:bd=40;33;01:cd=40;33;01:or=40;31;01:mi=00:su=37;41:sg=30;43:ca=30;41:tw=30;42:ow=34;42:st=37;44:ex=01;32:*.tar=01;31:*.tgz=01;31:*.arc=01;31:*.arj=01;31:*.taz=01;31:*.lha=01;31:*.lz4=01;31:*.lzh=01;31:*.lzma=01;31:*.tlz=01;31:*.txz=01;31:*.tzo=01;31:*.t7z=01;31:*.zip=01;31:*.z=01;31:*.dz=01;31:*.gz=01;31:*.lrz=01;31:*.lz=01;31:*.lzo=01;31:*.xz=01;31:*.zst=01;31:*.tzst=01;31:*.bz2=01;31:*.bz=01;31:*.tbz=01;31:*.tbz2=01;31:*.tz=01;31:*.deb=01;31:*.rpm=01;31:*.jar=01;31:*.war=01;31:*.ear=01;31:*.sar=01;31:*.rar=01;31:*.alz=01;31:*.ace=01;31:*.zoo=01;31:*.cpio=01;31:*.7z=01;31:*.rz=01;31:*.cab=01;31:*.wim=01;31:*.swm=01;31:*.dwm=01;31:*.esd=01;31:*.jpg=01;35:*.jpeg=01;35:*.mjpg=01;35:*.mjpeg=01;35:*.gif=01;35:*.bmp=01;35:*.pbm=01;35:*.pgm=01;35:*.ppm=01;35:*.tga=01;35:*.xbm=01;35:*.xpm=01;35:*.tif=01;35:*.tiff=01;35:*.png=01;35:*.svg=01;35:*.svgz=01;35:*.mng=01;35:*.pcx=01;35:*.mov=01;35:*.mpg=01;35:*.mpeg=01;35:*.m2v=01;35:*.mkv=01;35:*.webm=01;35:*.webp=01;35:*.ogm=01;35:*.mp4=01;35:*.m4v=01;35:*.mp4v=01;35:*.vob=01;35:*.qt=01;35:*.nuv=01;35:*.wmv=01;35:*.asf=01;35:*.rm=01;35:*.rmvb=01;35:*.flc=01;35:*.avi=01;35:*.fli=01;35:*.flv=01;35:*.gl=01;35:*.dl=01;35:*.xcf=01;35:*.xwd=01;35:*.yuv=01;35:*.cgm=01;35:*.emf=01;35:*.ogv=01;35:*.ogx=01;35:*.aac=00;36:*.au=00;36:*.flac=00;36:*.m4a=00;36:*.mid=00;36:*.midi=00;36:*.mka=00;36:*.mp3=00;36:*.mpc=00;36:*.ogg=00;36:*.ra=00;36:*.wav=00;36:*.oga=00;36:*.opus=00;36:*.spx=00;36:*.xspf=00;36:'), ('VSCODE_GIT_IPC_HANDLE', '/run/user/0/vscode-git-bcdd5166ca.sock'), ('TERM_PROGRAM', 'vscode'), ('AMENT_PREFIX_PATH', '/root/ros2_ws/install/turtlesim:/root/ros2_ws/install/turtlebot3:/root/ros2_ws/install/turtlebot3_teleop:/root/ros2_ws/install/turtlebot3_simulations:/root/ros2_ws/install/turtlebot3_bringup:/root/ros2_ws/install/turtlebot3_node:/root/ros2_ws/install/turtlebot3_navigation2:/root/ros2_ws/install/turtlebot3_fake_node:/root/ros2_ws/install/turtlebot3_example:/root/ros2_ws/install/turtlebot3_msgs:/root/ros2_ws/install/turtlebot3_gazebo:/root/ros2_ws/install/turtlebot3_description:/root/ros2_ws/install/turtlebot3_cartographer:/root/ros2_ws/install/project_03:/root/ros2_ws/install/goto_node:/root/ros2_ws/install/endicott_interfaces:/root/ros2_ws/install/dynamixel_sdk_examples:/root/ros2_ws/install/dynamixel_sdk_custom_interfaces:/root/ros2_ws/install/dynamixel_sdk:/root/ros2_ws/src/project_03/install/project_03:/root/ros2_ws/src/endicott_interfaces/install/endicott_interfaces:/opt/ros/humble'), ('SHELL', '/bin/bash'), ('LESSCLOSE', '/usr/bin/lesspipe %s %s'), ('VSCODE_GIT_ASKPASS_EXTRA_ARGS', ''), ('PWD', '/root/ros2_ws/src/project_03/build/project_03'), ('TURTLEBOT3_MODEL', 'burger'), ('XDG_DATA_DIRS', '/usr/local/share:/usr/share:/var/lib/snapd/desktop'), ('PYTHONPATH', '/root/ros2_ws/install/turtlesim/local/lib/python3.10/dist-packages:/root/ros2_ws/install/turtlebot3_teleop/lib/python3.10/site-packages:/root/ros2_ws/install/turtlebot3_example/lib/python3.10/site-packages:/root/ros2_ws/install/turtlebot3_msgs/local/lib/python3.10/dist-packages:/root/ros2_ws/install/endicott_interfaces/local/lib/python3.10/dist-packages:/root/ros2_ws/install/dynamixel_sdk_custom_interfaces/local/lib/python3.10/dist-packages:/root/ros2_ws/src/endicott_interfaces/install/endicott_interfaces/local/lib/python3.10/dist-packages:/opt/ros/humble/lib/python3.10/site-packages:/opt/ros/humble/local/lib/python3.10/dist-packages'), ('COLCON', '1'), ('WSL2_GUI_APPS_ENABLED', '1'), ('HOSTTYPE', 'x86_64'), ('CMAKE_PREFIX_PATH', '/root/ros2_ws/install/turtlesim:/root/ros2_ws/install/turtlebot3:/root/ros2_ws/install/turtlebot3_simulations:/root/ros2_ws/install/turtlebot3_bringup:/root/ros2_ws/install/turtlebot3_node:/root/ros2_ws/install/turtlebot3_navigation2:/root/ros2_ws/install/turtlebot3_fake_node:/root/ros2_ws/install/turtlebot3_msgs:/root/ros2_ws/install/turtlebot3_gazebo:/root/ros2_ws/install/turtlebot3_description:/root/ros2_ws/install/turtlebot3_cartographer:/root/ros2_ws/install/project_03:/root/ros2_ws/install/goto_node:/root/ros2_ws/install/endicott_interfaces:/root/ros2_ws/install/dynamixel_sdk_examples:/root/ros2_ws/install/dynamixel_sdk_custom_interfaces:/root/ros2_ws/install/dynamixel_sdk:/root/ros2_ws/src/project_03/install/project_03:/root/ros2_ws/src/endicott_interfaces/install/endicott_interfaces:/root/ros2_ws/install/turtlebot3_teleop:/root/ros2_ws/install/turtlebot3_example:/opt/ros/humble'), ('WSLENV', 'ELECTRON_RUN_AS_NODE/w:')]), 'shell': False}
[0.033305] (project_03) StdoutLine: {'line': b'-- Found ament_cmake: 1.3.11 (/opt/ros/humble/share/ament_cmake/cmake)\n'}
[0.098628] (-) TimerEvent: {}
[0.142671] (project_03) StdoutLine: {'line': b'-- Found rosidl_default_generators: 1.2.0 (/opt/ros/humble/share/rosidl_default_generators/cmake)\n'}
[0.145053] (project_03) StdoutLine: {'line': b'-- Using all available rosidl_typesupport_c: rosidl_typesupport_fastrtps_c;rosidl_typesupport_introspection_c\n'}
[0.147122] (project_03) StdoutLine: {'line': b'-- Found rosidl_adapter: 3.1.6 (/opt/ros/humble/share/rosidl_adapter/cmake)\n'}
[0.198759] (-) TimerEvent: {}
[0.271296] (project_03) StdoutLine: {'line': b'-- Using all available rosidl_typesupport_cpp: rosidl_typesupport_fastrtps_cpp;rosidl_typesupport_introspection_cpp\n'}
[0.291614] (project_03) StdoutLine: {'line': b'-- Found ament_index_cpp: 1.4.0 (/opt/ros/humble/share/ament_index_cpp/cmake)\n'}
[0.291837] (project_03) StdoutLine: {'line': b'-- Found geometry_msgs: 4.2.4 (/opt/ros/humble/share/geometry_msgs/cmake)\n'}
[0.299018] (-) TimerEvent: {}
[0.319501] (project_03) StdoutLine: {'line': b'-- Found rclcpp: 16.0.11 (/opt/ros/humble/share/rclcpp/cmake)\n'}
[0.338131] (project_03) StdoutLine: {'line': b'-- Found rmw_implementation_cmake: 6.1.2 (/opt/ros/humble/share/rmw_implementation_cmake/cmake)\n'}
[0.340626] (project_03) StdoutLine: {'line': b'-- Found rmw_fastrtps_cpp: 6.2.7 (/opt/ros/humble/share/rmw_fastrtps_cpp/cmake)\n'}
[0.399188] (-) TimerEvent: {}
[0.499583] (-) TimerEvent: {}
[0.600011] (-) TimerEvent: {}
[0.700434] (-) TimerEvent: {}
[0.800797] (-) TimerEvent: {}
[0.901193] (-) TimerEvent: {}
[1.001776] (-) TimerEvent: {}
[1.102193] (-) TimerEvent: {}
[1.202646] (-) TimerEvent: {}
[1.303398] (-) TimerEvent: {}
[1.403774] (-) TimerEvent: {}
[1.504161] (-) TimerEvent: {}
[1.604557] (-) TimerEvent: {}
[1.704957] (-) TimerEvent: {}
[1.805390] (-) TimerEvent: {}
[1.905839] (-) TimerEvent: {}
[2.006235] (-) TimerEvent: {}
[2.106668] (-) TimerEvent: {}
[2.207128] (-) TimerEvent: {}
[2.307521] (-) TimerEvent: {}
[2.407923] (-) TimerEvent: {}
[2.508322] (-) TimerEvent: {}
[2.608723] (-) TimerEvent: {}
[2.709357] (-) TimerEvent: {}
[2.809743] (-) TimerEvent: {}
[2.910115] (-) TimerEvent: {}
[3.010519] (-) TimerEvent: {}
[3.110924] (-) TimerEvent: {}
[3.211401] (-) TimerEvent: {}
[3.311910] (-) TimerEvent: {}
[3.412427] (-) TimerEvent: {}
[3.512785] (-) TimerEvent: {}
[3.613156] (-) TimerEvent: {}
[3.677097] (project_03) StdoutLine: {'line': b"-- Using RMW implementation 'rmw_fastrtps_cpp' as default\n"}
[3.707334] (project_03) StdoutLine: {'line': b'-- Found rclcpp_action: 16.0.11 (/opt/ros/humble/share/rclcpp_action/cmake)\n'}
[3.713486] (-) TimerEvent: {}
[3.729254] (project_03) StdoutLine: {'line': b'-- Found std_srvs: 4.2.4 (/opt/ros/humble/share/std_srvs/cmake)\n'}
[3.735126] (project_03) StdoutLine: {'line': b'-- Found turtlesim: 1.4.2 (/opt/ros/humble/share/turtlesim/cmake)\n'}
[3.746569] (project_03) StdoutLine: {'line': b'-- Found endicott_interfaces: 0.0.0 (/root/ros2_ws/src/endicott_interfaces/install/endicott_interfaces/share/endicott_interfaces/cmake)\n'}
[3.763110] (project_03) StdoutLine: {'line': b'-- Found ament_lint_auto: 0.12.11 (/opt/ros/humble/share/ament_lint_auto/cmake)\n'}
[3.813795] (-) TimerEvent: {}
[3.834528] (project_03) StdoutLine: {'line': b"-- Added test 'cppcheck' to perform static code analysis on C / C++ code\n"}
[3.834862] (project_03) StdoutLine: {'line': b'-- Configured cppcheck include dirs: $<BUILD_INTERFACE:/root/ros2_ws/src/project_03/include>\n'}
[3.834978] (project_03) StdoutLine: {'line': b'-- Configured cppcheck exclude dirs and/or files: \n'}
[3.838431] (project_03) StdoutLine: {'line': b"-- Added test 'flake8' to check Python code syntax and style conventions\n"}
[3.844302] (project_03) StdoutLine: {'line': b"-- Added test 'lint_cmake' to check CMake code style\n"}
[3.846344] (project_03) StdoutLine: {'line': b"-- Added test 'pep257' to check Python code against some of the docstring style conventions in PEP 257\n"}
[3.864235] (project_03) StdoutLine: {'line': b"-- Added test 'uncrustify' to check C / C++ code style\n"}
[3.864583] (project_03) StdoutLine: {'line': b'-- Configured uncrustify additional arguments: \n'}
[3.865790] (project_03) StdoutLine: {'line': b"-- Added test 'xmllint' to check XML markup files\n"}
[3.866537] (project_03) StdoutLine: {'line': b'-- Configuring done\n'}
[3.878687] (project_03) StdoutLine: {'line': b'-- Generating done\n'}
[3.883954] (project_03) StdoutLine: {'line': b'-- Build files have been written to: /root/ros2_ws/src/project_03/build/project_03\n'}
[3.907604] (project_03) StdoutLine: {'line': b'\x1b[35m\x1b[1mConsolidate compiler generated dependencies of target goto_target_node\x1b[0m\n'}
[3.907816] (project_03) StdoutLine: {'line': b'\x1b[35m\x1b[1mConsolidate compiler generated dependencies of target target_sequence_node\x1b[0m\n'}
[3.914005] (-) TimerEvent: {}
[3.926017] (project_03) StdoutLine: {'line': b'[ 75%] Built target goto_target_node\n'}
[3.926312] (project_03) StdoutLine: {'line': b'[ 75%] \x1b[32mBuilding CXX object CMakeFiles/target_sequence_node.dir/src/target_sequence_node.cpp.o\x1b[0m\n'}
[4.014462] (-) TimerEvent: {}
[4.115128] (-) TimerEvent: {}
[4.215536] (-) TimerEvent: {}
[4.316011] (-) TimerEvent: {}
[4.416475] (-) TimerEvent: {}
[4.517042] (-) TimerEvent: {}
[4.617559] (-) TimerEvent: {}
[4.718019] (-) TimerEvent: {}
[4.818575] (-) TimerEvent: {}
[4.919234] (-) TimerEvent: {}
[5.019707] (-) TimerEvent: {}
[5.120086] (-) TimerEvent: {}
[5.220560] (-) TimerEvent: {}
[5.321462] (-) TimerEvent: {}
[5.421952] (-) TimerEvent: {}
[5.522497] (-) TimerEvent: {}
[5.623349] (-) TimerEvent: {}
[5.723918] (-) TimerEvent: {}
[5.824727] (-) TimerEvent: {}
[5.925258] (-) TimerEvent: {}
[6.026074] (-) TimerEvent: {}
[6.127184] (-) TimerEvent: {}
[6.151737] (project_03) StderrLine: {'line': b'\x1b[01m\x1b[K/root/ros2_ws/src/project_03/src/target_sequence_node.cpp:\x1b[m\x1b[K In constructor \xe2\x80\x98\x1b[01m\x1b[KTargetSequenceNode::TargetSequenceNode()\x1b[m\x1b[K\xe2\x80\x99:\n'}
[6.152142] (project_03) StderrLine: {'line': b'\x1b[01m\x1b[K/root/ros2_ws/src/project_03/src/target_sequence_node.cpp:20:5:\x1b[m\x1b[K \x1b[01;31m\x1b[Kerror: \x1b[m\x1b[K\xe2\x80\x98\x1b[01m\x1b[Kgoto_status_subscription_\x1b[m\x1b[K\xe2\x80\x99 was not declared in this scope\n'}
[6.152196] (project_03) StderrLine: {'line': b'   20 |     \x1b[01;31m\x1b[Kgoto_status_subscription_\x1b[m\x1b[K  = create_subscription<endicott_interfaces::msg::MoveStatus>(\n'}
[6.152243] (project_03) StderrLine: {'line': b'      |     \x1b[01;31m\x1b[K^~~~~~~~~~~~~~~~~~~~~~~~~\x1b[m\x1b[K\n'}
[6.195279] (project_03) StderrLine: {'line': b'\x1b[01m\x1b[K/root/ros2_ws/src/project_03/src/target_sequence_node.cpp:\x1b[m\x1b[K In member function \xe2\x80\x98\x1b[01m\x1b[Kvoid TargetSequenceNode::clean_rectangle(double, double, double, double)\x1b[m\x1b[K\xe2\x80\x99:\n'}
[6.195622] (project_03) StderrLine: {'line': b'\x1b[01m\x1b[K/root/ros2_ws/src/project_03/src/target_sequence_node.cpp:35:63:\x1b[m\x1b[K \x1b[01;35m\x1b[Kwarning: \x1b[m\x1b[Kunused parameter \xe2\x80\x98\x1b[01m\x1b[Ky2\x1b[m\x1b[K\xe2\x80\x99 [\x1b[01;35m\x1b[K\x1b]8;;https://gcc.gnu.org/onlinedocs/gcc/Warning-Options.html#index-Wunused-parameter\x07-Wunused-parameter\x1b]8;;\x07\x1b[m\x1b[K]\n'}
[6.195673] (project_03) StderrLine: {'line': b'   35 | void clean_rectangle( double x1, double y1, double x2, \x1b[01;35m\x1b[Kdouble y2\x1b[m\x1b[K) {\n'}
[6.195716] (project_03) StderrLine: {'line': b'      |                                                        \x1b[01;35m\x1b[K~~~~~~~^~\x1b[m\x1b[K\n'}
[6.227404] (-) TimerEvent: {}
[6.328120] (-) TimerEvent: {}
[6.428891] (-) TimerEvent: {}
[6.529810] (-) TimerEvent: {}
[6.630276] (-) TimerEvent: {}
[6.730785] (-) TimerEvent: {}
[6.831617] (-) TimerEvent: {}
[6.932322] (-) TimerEvent: {}
[7.032853] (-) TimerEvent: {}
[7.133462] (-) TimerEvent: {}
[7.233882] (-) TimerEvent: {}
[7.334494] (-) TimerEvent: {}
[7.435088] (-) TimerEvent: {}
[7.535804] (-) TimerEvent: {}
[7.636402] (-) TimerEvent: {}
[7.736967] (-) TimerEvent: {}
[7.837404] (-) TimerEvent: {}
[7.937913] (-) TimerEvent: {}
[8.038344] (-) TimerEvent: {}
[8.139565] (-) TimerEvent: {}
[8.240246] (-) TimerEvent: {}
[8.291221] (project_03) StderrLine: {'line': b'gmake[2]: *** [CMakeFiles/target_sequence_node.dir/build.make:76: CMakeFiles/target_sequence_node.dir/src/target_sequence_node.cpp.o] Error 1\n'}
[8.291888] (project_03) StderrLine: {'line': b'gmake[1]: *** [CMakeFiles/Makefile2:165: CMakeFiles/target_sequence_node.dir/all] Error 2\n'}
[8.291963] (project_03) StderrLine: {'line': b'gmake: *** [Makefile:146: all] Error 2\n'}
[8.294165] (project_03) CommandEnded: {'returncode': 2}
[8.304079] (project_03) JobEnded: {'identifier': 'project_03', 'rc': 2}
[8.315135] (-) EventReactorShutdown: {}
