[0.000000] (-) TimerEvent: {}
[0.000169] (project_03) JobQueued: {'identifier': 'project_03', 'dependencies': OrderedDict()}
[0.000207] (project_03) JobStarted: {'identifier': 'project_03'}
[0.008455] (project_03) JobProgress: {'identifier': 'project_03', 'progress': 'cmake'}
[0.009333] (project_03) JobProgress: {'identifier': 'project_03', 'progress': 'build'}
[0.010094] (project_03) Command: {'cmd': ['/usr/bin/cmake', '--build', '/root/ros2_ws/src/project_03/build/project_03', '--', '-j8', '-l8'], 'cwd': '/root/ros2_ws/src/project_03/build/project_03', 'env': OrderedDict([('LESSOPEN', '| /usr/bin/lesspipe %s'), ('USER', 'root'), ('GIT_ASKPASS', '/root/.vscode-server/bin/ddc367ed5c8936efe395cffeec279b04ffd7db78/extensions/git/dist/askpass.sh'), ('SHLVL', '2'), ('LD_LIBRARY_PATH', '/root/ros2_ws/install/turtlesim/lib:/root/ros2_ws/install/turtlebot3_msgs/lib:/root/ros2_ws/install/endicott_interfaces/lib:/root/ros2_ws/install/dynamixel_sdk_custom_interfaces/lib:/root/ros2_ws/install/dynamixel_sdk/lib:/root/ros2_ws/src/endicott_interfaces/install/endicott_interfaces/lib:/usr/lib/x86_64-linux-gnu/gazebo-11/plugins:/opt/ros/humble/opt/rviz_ogre_vendor/lib:/opt/ros/humble/lib/x86_64-linux-gnu:/opt/ros/humble/lib'), ('HOME', '/root'), ('OLDPWD', '/root/ros2_ws/src'), ('TERM_PROGRAM_VERSION', '1.98.2'), ('VSCODE_IPC_HOOK_CLI', '/run/user/0/vscode-ipc-e6112974-15a9-46ad-b1fa-e57f28b405cd.sock'), ('ROS_PYTHON_VERSION', '3'), ('VSCODE_GIT_ASKPASS_MAIN', '/root/.vscode-server/bin/ddc367ed5c8936efe395cffeec279b04ffd7db78/extensions/git/dist/askpass-main.js'), ('VSCODE_GIT_ASKPASS_NODE', '/root/.vscode-server/bin/ddc367ed5c8936efe395cffeec279b04ffd7db78/node'), ('DBUS_SESSION_BUS_ADDRESS', 'unix:path=/run/user/0/bus'), ('COLORTERM', 'truecolor'), ('WSL_DISTRO_NAME', 'Ubuntu-22.04'), ('DEBUGINFOD_URLS', ''), ('WAYLAND_DISPLAY', 'wayland-0'), ('COLCON_PREFIX_PATH', '/root/ros2_ws/install:/root/ros2_ws/src/project_03/install:/root/ros2_ws/src/endicott_interfaces/install'), ('ROS_DISTRO', 'humble'), ('LOGNAME', 'root'), ('NAME', 'Code'), ('WSL_INTEROP', '/run/WSL/177563_interop'), ('PULSE_SERVER', 'unix:/mnt/wslg/PulseServer'), ('_', '/usr/bin/colcon'), ('ROS_VERSION', '2'), ('TERM', 'xterm-256color'), ('ROS_LOCALHOST_ONLY', '0'), ('PATH', '/root/.vscode-server/bin/ddc367ed5c8936efe395cffeec279b04ffd7db78/bin/remote-cli:/opt/ros/humble/bin:/usr/local/sbin:/usr/local/bin:/usr/sbin:/usr/bin:/sbin:/bin:/usr/games:/usr/local/games:/usr/lib/wsl/lib:/mnt/c/Program Files/Microsoft/jdk-11.0.16.101-hotspot/bin:/mnt/c/WINDOWS/system32:/mnt/c/WINDOWS:/mnt/c/WINDOWS/System32/Wbem:/mnt/c/WINDOWS/System32/WindowsPowerShell/v1.0/:/mnt/c/WINDOWS/System32/OpenSSH/:/mnt/c/Program Files/MATLAB/R2016a/bin:/mnt/c/Program Files/Git/cmd:/mnt/c/Program Files (x86)/Windows Live/Shared:/mnt/c/Program Files/dotnet/:/mnt/c/Program Files (x86)/IVI Foundation/VISA/WinNT/Bin:/mnt/c/Program Files/Docker/Docker/resources/bin:/mnt/c/Program Files (x86)/Windows Kits/10/Windows Performance Toolkit/:/mnt/c/Program Files/PowerShell/7/:/mnt/c/Users/Lucas/AppData/Local/Programs/Python/Launcher/:/mnt/c/Users/Lucas/AppData/Local/Microsoft/WindowsApps:/mnt/c/Users/Lucas/AppData/Local/GitHubDesktop/bin:/mnt/c/Users/Lucas/AppData/Local/Programs/Microsoft VS Code Insiders/bin:/mnt/c/Users/Lucas/AppData/Local/Programs/Microsoft VS Code/bin:/snap/bin'), ('XDG_RUNTIME_DIR', '/run/user/0/'), ('DISPLAY', ':0'), ('LANG', 'C.UTF-8'), ('LS_COLORS', 'rs=0:di=01;34:ln=01;36:mh=00:pi=40;33:so=01;35:do=01;35:bd=40;33;01:cd=40;33;01:or=40;31;01:mi=00:su=37;41:sg=30;43:ca=30;41:tw=30;42:ow=34;42:st=37;44:ex=01;32:*.tar=01;31:*.tgz=01;31:*.arc=01;31:*.arj=01;31:*.taz=01;31:*.lha=01;31:*.lz4=01;31:*.lzh=01;31:*.lzma=01;31:*.tlz=01;31:*.txz=01;31:*.tzo=01;31:*.t7z=01;31:*.zip=01;31:*.z=01;31:*.dz=01;31:*.gz=01;31:*.lrz=01;31:*.lz=01;31:*.lzo=01;31:*.xz=01;31:*.zst=01;31:*.tzst=01;31:*.bz2=01;31:*.bz=01;31:*.tbz=01;31:*.tbz2=01;31:*.tz=01;31:*.deb=01;31:*.rpm=01;31:*.jar=01;31:*.war=01;31:*.ear=01;31:*.sar=01;31:*.rar=01;31:*.alz=01;31:*.ace=01;31:*.zoo=01;31:*.cpio=01;31:*.7z=01;31:*.rz=01;31:*.cab=01;31:*.wim=01;31:*.swm=01;31:*.dwm=01;31:*.esd=01;31:*.jpg=01;35:*.jpeg=01;35:*.mjpg=01;35:*.mjpeg=01;35:*.gif=01;35:*.bmp=01;35:*.pbm=01;35:*.pgm=01;35:*.ppm=01;35:*.tga=01;35:*.xbm=01;35:*.xpm=01;35:*.tif=01;35:*.tiff=01;35:*.png=01;35:*.svg=01;35:*.svgz=01;35:*.mng=01;35:*.pcx=01;35:*.mov=01;35:*.mpg=01;35:*.mpeg=01;35:*.m2v=01;35:*.mkv=01;35:*.webm=01;35:*.webp=01;35:*.ogm=01;35:*.mp4=01;35:*.m4v=01;35:*.mp4v=01;35:*.vob=01;35:*.qt=01;35:*.nuv=01;35:*.wmv=01;35:*.asf=01;35:*.rm=01;35:*.rmvb=01;35:*.flc=01;35:*.avi=01;35:*.fli=01;35:*.flv=01;35:*.gl=01;35:*.dl=01;35:*.xcf=01;35:*.xwd=01;35:*.yuv=01;35:*.cgm=01;35:*.emf=01;35:*.ogv=01;35:*.ogx=01;35:*.aac=00;36:*.au=00;36:*.flac=00;36:*.m4a=00;36:*.mid=00;36:*.midi=00;36:*.mka=00;36:*.mp3=00;36:*.mpc=00;36:*.ogg=00;36:*.ra=00;36:*.wav=00;36:*.oga=00;36:*.opus=00;36:*.spx=00;36:*.xspf=00;36:'), ('VSCODE_GIT_IPC_HANDLE', '/run/user/0/vscode-git-bcdd5166ca.sock'), ('TERM_PROGRAM', 'vscode'), ('AMENT_PREFIX_PATH', '/root/ros2_ws/install/turtlesim:/root/ros2_ws/install/turtlebot3:/root/ros2_ws/install/turtlebot3_teleop:/root/ros2_ws/install/turtlebot3_simulations:/root/ros2_ws/install/turtlebot3_bringup:/root/ros2_ws/install/turtlebot3_node:/root/ros2_ws/install/turtlebot3_navigation2:/root/ros2_ws/install/turtlebot3_fake_node:/root/ros2_ws/install/turtlebot3_example:/root/ros2_ws/install/turtlebot3_msgs:/root/ros2_ws/install/turtlebot3_gazebo:/root/ros2_ws/install/turtlebot3_description:/root/ros2_ws/install/turtlebot3_cartographer:/root/ros2_ws/install/project_03:/root/ros2_ws/install/goto_node:/root/ros2_ws/install/endicott_interfaces:/root/ros2_ws/install/dynamixel_sdk_examples:/root/ros2_ws/install/dynamixel_sdk_custom_interfaces:/root/ros2_ws/install/dynamixel_sdk:/root/ros2_ws/src/project_03/install/project_03:/root/ros2_ws/src/endicott_interfaces/install/endicott_interfaces:/opt/ros/humble'), ('SHELL', '/bin/bash'), ('LESSCLOSE', '/usr/bin/lesspipe %s %s'), ('VSCODE_GIT_ASKPASS_EXTRA_ARGS', ''), ('PWD', '/root/ros2_ws/src/project_03/build/project_03'), ('TURTLEBOT3_MODEL', 'burger'), ('XDG_DATA_DIRS', '/usr/local/share:/usr/share:/var/lib/snapd/desktop'), ('PYTHONPATH', '/root/ros2_ws/install/turtlesim/local/lib/python3.10/dist-packages:/root/ros2_ws/install/turtlebot3_teleop/lib/python3.10/site-packages:/root/ros2_ws/install/turtlebot3_example/lib/python3.10/site-packages:/root/ros2_ws/install/turtlebot3_msgs/local/lib/python3.10/dist-packages:/root/ros2_ws/install/endicott_interfaces/local/lib/python3.10/dist-packages:/root/ros2_ws/install/dynamixel_sdk_custom_interfaces/local/lib/python3.10/dist-packages:/root/ros2_ws/src/endicott_interfaces/install/endicott_interfaces/local/lib/python3.10/dist-packages:/opt/ros/humble/lib/python3.10/site-packages:/opt/ros/humble/local/lib/python3.10/dist-packages'), ('COLCON', '1'), ('WSL2_GUI_APPS_ENABLED', '1'), ('HOSTTYPE', 'x86_64'), ('CMAKE_PREFIX_PATH', '/root/ros2_ws/install/turtlesim:/root/ros2_ws/install/turtlebot3:/root/ros2_ws/install/turtlebot3_simulations:/root/ros2_ws/install/turtlebot3_bringup:/root/ros2_ws/install/turtlebot3_node:/root/ros2_ws/install/turtlebot3_navigation2:/root/ros2_ws/install/turtlebot3_fake_node:/root/ros2_ws/install/turtlebot3_msgs:/root/ros2_ws/install/turtlebot3_gazebo:/root/ros2_ws/install/turtlebot3_description:/root/ros2_ws/install/turtlebot3_cartographer:/root/ros2_ws/install/project_03:/root/ros2_ws/install/goto_node:/root/ros2_ws/install/endicott_interfaces:/root/ros2_ws/install/dynamixel_sdk_examples:/root/ros2_ws/install/dynamixel_sdk_custom_interfaces:/root/ros2_ws/install/dynamixel_sdk:/root/ros2_ws/src/project_03/install/project_03:/root/ros2_ws/src/endicott_interfaces/install/endicott_interfaces:/root/ros2_ws/install/turtlebot3_teleop:/root/ros2_ws/install/turtlebot3_example:/opt/ros/humble'), ('WSLENV', 'ELECTRON_RUN_AS_NODE/w:')]), 'shell': False}
[0.045526] (project_03) StdoutLine: {'line': b'\x1b[35m\x1b[1mConsolidate compiler generated dependencies of target target_sequence_node\x1b[0m\n'}
[0.058523] (project_03) StdoutLine: {'line': b'[ 25%] \x1b[32mBuilding CXX object CMakeFiles/goto_target_node.dir/src/goto_target_node.cpp.o\x1b[0m\n'}
[0.062380] (project_03) StdoutLine: {'line': b'[ 50%] \x1b[32mBuilding CXX object CMakeFiles/target_sequence_node.dir/src/target_sequence_node.cpp.o\x1b[0m\n'}
[0.098904] (-) TimerEvent: {}
[0.199676] (-) TimerEvent: {}
[0.300190] (-) TimerEvent: {}
[0.400636] (-) TimerEvent: {}
[0.501083] (-) TimerEvent: {}
[0.602517] (-) TimerEvent: {}
[0.703048] (-) TimerEvent: {}
[0.803557] (-) TimerEvent: {}
[0.904093] (-) TimerEvent: {}
[1.004702] (-) TimerEvent: {}
[1.105110] (-) TimerEvent: {}
[1.205618] (-) TimerEvent: {}
[1.306270] (-) TimerEvent: {}
[1.406779] (-) TimerEvent: {}
[1.507274] (-) TimerEvent: {}
[1.607814] (-) TimerEvent: {}
[1.708337] (-) TimerEvent: {}
[1.808714] (-) TimerEvent: {}
[1.909194] (-) TimerEvent: {}
[2.009722] (-) TimerEvent: {}
[2.110189] (-) TimerEvent: {}
[2.211032] (-) TimerEvent: {}
[2.311614] (-) TimerEvent: {}
[2.412127] (-) TimerEvent: {}
[2.442905] (project_03) StderrLine: {'line': b'\x1b[01m\x1b[K/root/ros2_ws/src/project_03/src/target_sequence_node.cpp:61:35:\x1b[m\x1b[K \x1b[01;31m\x1b[Kerror: \x1b[m\x1b[K\xe2\x80\x98\x1b[01m\x1b[Kendicott_interfaces\x1b[m\x1b[K\xe2\x80\x99 does not name a type\n'}
[2.443176] (project_03) StderrLine: {'line': b'   61 |   void goto_status_callback(const \x1b[01;31m\x1b[Kendicott_interfaces\x1b[m\x1b[K::msg::MoveStatus::SharedPtr msg) {\n'}
[2.443238] (project_03) StderrLine: {'line': b'      |                                   \x1b[01;31m\x1b[K^~~~~~~~~~~~~~~~~~~\x1b[m\x1b[K\n'}
[2.443285] (project_03) StderrLine: {'line': b'\x1b[01m\x1b[K/root/ros2_ws/src/project_03/src/target_sequence_node.cpp:61:59:\x1b[m\x1b[K \x1b[01;31m\x1b[Kerror: \x1b[m\x1b[Kexpected unqualified-id before \xe2\x80\x98\x1b[01m\x1b[K::\x1b[m\x1b[K\xe2\x80\x99 token\n'}
[2.443331] (project_03) StderrLine: {'line': b'   61 |   void goto_status_callback(const endicott_interfaces::msg\x1b[01;31m\x1b[K::\x1b[m\x1b[KMoveStatus::SharedPtr msg) {\n'}
[2.443480] (project_03) StderrLine: {'line': b'      |                                                           \x1b[01;31m\x1b[K^~\x1b[m\x1b[K\n'}
[2.443554] (project_03) StderrLine: {'line': b'\x1b[01m\x1b[K/root/ros2_ws/src/project_03/src/target_sequence_node.cpp:61:59:\x1b[m\x1b[K \x1b[01;31m\x1b[Kerror: \x1b[m\x1b[Kexpected \xe2\x80\x98\x1b[01m\x1b[K)\x1b[m\x1b[K\xe2\x80\x99 before \xe2\x80\x98\x1b[01m\x1b[K::\x1b[m\x1b[K\xe2\x80\x99 token\n'}
[2.443615] (project_03) StderrLine: {'line': b'   61 |   void goto_status_callback\x1b[34m\x1b[K(\x1b[m\x1b[Kconst endicott_interfaces::msg\x1b[01;31m\x1b[K:\x1b[m\x1b[K\x1b[32m\x1b[K:\x1b[m\x1b[KMoveStatus::SharedPtr msg) {\n'}
[2.443664] (project_03) StderrLine: {'line': b'      |                            \x1b[34m\x1b[K~\x1b[m\x1b[K                              \x1b[01;31m\x1b[K^\x1b[m\x1b[K\x1b[32m\x1b[K~\x1b[m\x1b[K\n'}
[2.443716] (project_03) StderrLine: {'line': b'      |                                                           \x1b[32m\x1b[K)\x1b[m\x1b[K\n'}
[2.443759] (project_03) StderrLine: {'line': b'\x1b[01m\x1b[K/root/ros2_ws/src/project_03/src/target_sequence_node.cpp:61:56:\x1b[m\x1b[K \x1b[01;31m\x1b[Kerror: \x1b[m\x1b[Kexpected \xe2\x80\x98\x1b[01m\x1b[K;\x1b[m\x1b[K\xe2\x80\x99 at end of member declaration\n'}
[2.443801] (project_03) StderrLine: {'line': b'   61 |   void goto_status_callback(const endicott_interfaces::\x1b[01;31m\x1b[Kmsg\x1b[m\x1b[K::MoveStatus::SharedPtr msg) {\n'}
[2.443844] (project_03) StderrLine: {'line': b'      |                                                        \x1b[01;31m\x1b[K^~~\x1b[m\x1b[K\n'}
[2.443884] (project_03) StderrLine: {'line': b'      |                                                           \x1b[32m\x1b[K;\x1b[m\x1b[K\n'}
[2.446339] (project_03) StderrLine: {'line': b'\x1b[01m\x1b[K/root/ros2_ws/src/project_03/src/target_sequence_node.cpp:61:61:\x1b[m\x1b[K \x1b[01;31m\x1b[Kerror: \x1b[m\x1b[K\xe2\x80\x98\x1b[01m\x1b[KMoveStatus\x1b[m\x1b[K\xe2\x80\x99 in namespace \xe2\x80\x98\x1b[01m\x1b[K::\x1b[m\x1b[K\xe2\x80\x99 does not name a type\n'}
[2.446594] (project_03) StderrLine: {'line': b'   61 |   void goto_status_callback(const endicott_interfaces::msg::\x1b[01;31m\x1b[KMoveStatus\x1b[m\x1b[K::SharedPtr msg) {\n'}
[2.446669] (project_03) StderrLine: {'line': b'      |                                                             \x1b[01;31m\x1b[K^~~~~~~~~~\x1b[m\x1b[K\n'}
[2.452301] (project_03) StderrLine: {'line': b'\x1b[01m\x1b[K/root/ros2_ws/src/project_03/src/target_sequence_node.cpp:76:3:\x1b[m\x1b[K \x1b[01;31m\x1b[Kerror: \x1b[m\x1b[K\xe2\x80\x98\x1b[01m\x1b[Kstring\x1b[m\x1b[K\xe2\x80\x99 does not name a type; did you mean \xe2\x80\x98\x1b[01m\x1b[Kstdin\x1b[m\x1b[K\xe2\x80\x99?\n'}
[2.452678] (project_03) StderrLine: {'line': b'   76 |   \x1b[01;31m\x1b[Kstring\x1b[m\x1b[K goto_state;\n'}
[2.453038] (project_03) StderrLine: {'line': b'      |   \x1b[01;31m\x1b[K^~~~~~\x1b[m\x1b[K\n'}
[2.453155] (project_03) StderrLine: {'line': b'      |   \x1b[32m\x1b[Kstdin\x1b[m\x1b[K\n'}
[2.453246] (project_03) StderrLine: {'line': b'\x1b[01m\x1b[K/root/ros2_ws/src/project_03/src/target_sequence_node.cpp:77:2:\x1b[m\x1b[K \x1b[01;31m\x1b[Kerror: \x1b[m\x1b[Kexpected \xe2\x80\x98\x1b[01m\x1b[K;\x1b[m\x1b[K\xe2\x80\x99 after class definition\n'}
[2.453333] (project_03) StderrLine: {'line': b'   77 | }\n'}
[2.453394] (project_03) StderrLine: {'line': b'      |  \x1b[01;31m\x1b[K^\x1b[m\x1b[K\n'}
[2.453454] (project_03) StderrLine: {'line': b'      |  \x1b[32m\x1b[K;\x1b[m\x1b[K\n'}
[2.465883] (project_03) StderrLine: {'line': b'\x1b[01m\x1b[K/root/ros2_ws/src/project_03/src/target_sequence_node.cpp:\x1b[m\x1b[K In constructor \xe2\x80\x98\x1b[01m\x1b[KTargetPublisherNode::TargetPublisherNode()\x1b[m\x1b[K\xe2\x80\x99:\n'}
[2.466143] (project_03) StderrLine: {'line': b'\x1b[01m\x1b[K/root/ros2_ws/src/project_03/src/target_sequence_node.cpp:19:5:\x1b[m\x1b[K \x1b[01;31m\x1b[Kerror: \x1b[m\x1b[K\xe2\x80\x98\x1b[01m\x1b[Kgoto_status_subscription_\x1b[m\x1b[K\xe2\x80\x99 was not declared in this scope\n'}
[2.466204] (project_03) StderrLine: {'line': b'   19 |     \x1b[01;31m\x1b[Kgoto_status_subscription_\x1b[m\x1b[K  = create_subscription<endicott_interfaces::msg::MoveStatus>(\n'}
[2.466257] (project_03) StderrLine: {'line': b'      |     \x1b[01;31m\x1b[K^~~~~~~~~~~~~~~~~~~~~~~~~\x1b[m\x1b[K\n'}
[2.473878] (project_03) StderrLine: {'line': b'\x1b[01m\x1b[K/root/ros2_ws/src/project_03/src/target_sequence_node.cpp:19:54:\x1b[m\x1b[K \x1b[01;31m\x1b[Kerror: \x1b[m\x1b[K\xe2\x80\x98\x1b[01m\x1b[Kendicott_interfaces\x1b[m\x1b[K\xe2\x80\x99 was not declared in this scope; did you mean \xe2\x80\x98\x1b[01m\x1b[Krcl_interfaces\x1b[m\x1b[K\xe2\x80\x99?\n'}
[2.474304] (project_03) StderrLine: {'line': b'   19 |     goto_status_subscription_  = create_subscription<\x1b[01;31m\x1b[Kendicott_interfaces\x1b[m\x1b[K::msg::MoveStatus>(\n'}
[2.474399] (project_03) StderrLine: {'line': b'      |                                                      \x1b[01;31m\x1b[K^~~~~~~~~~~~~~~~~~~\x1b[m\x1b[K\n'}
[2.474470] (project_03) StderrLine: {'line': b'      |                                                      \x1b[32m\x1b[Krcl_interfaces\x1b[m\x1b[K\n'}
[2.474540] (project_03) StderrLine: {'line': b'\x1b[01m\x1b[K/root/ros2_ws/src/project_03/src/target_sequence_node.cpp:19:34:\x1b[m\x1b[K \x1b[01;31m\x1b[Kerror: \x1b[m\x1b[Kparse error in template argument list\n'}
[2.474610] (project_03) StderrLine: {'line': b'   19 |     goto_status_subscription_  = \x1b[01;31m\x1b[Kcreate_subscription<endicott_interfaces::msg::MoveStatus>\x1b[m\x1b[K(\n'}
[2.474682] (project_03) StderrLine: {'line': b'      |                                  \x1b[01;31m\x1b[K^~~~~~~~~~~~~~~~~~~~~~~~~~~~~~~~~~~~~~~~~~~~~~~~~~~~~~~~~\x1b[m\x1b[K\n'}
[2.474751] (project_03) StderrLine: {'line': b'\x1b[01m\x1b[K/root/ros2_ws/src/project_03/src/target_sequence_node.cpp:20:36:\x1b[m\x1b[K \x1b[01;31m\x1b[Kerror: \x1b[m\x1b[K\xe2\x80\x98\x1b[01m\x1b[Ktarget_publisher_node\x1b[m\x1b[K\xe2\x80\x99 has not been declared\n'}
[2.474829] (project_03) StderrLine: {'line': b'   20 |     "/goto_status", 10, std::bind(&\x1b[01;31m\x1b[Ktarget_publisher_node\x1b[m\x1b[K::goto_status_callback, this, std::placeholders::_1));\n'}
[2.474897] (project_03) StderrLine: {'line': b'      |                                    \x1b[01;31m\x1b[K^~~~~~~~~~~~~~~~~~~~~\x1b[m\x1b[K\n'}
[2.474962] (project_03) StderrLine: {'line': b'\x1b[01m\x1b[K/root/ros2_ws/src/project_03/src/target_sequence_node.cpp:\x1b[m\x1b[K In member function \xe2\x80\x98\x1b[01m\x1b[Kvoid TargetPublisherNode::clean_rectangle(double, double, double, double)\x1b[m\x1b[K\xe2\x80\x99:\n'}
[2.475027] (project_03) StderrLine: {'line': b'\x1b[01m\x1b[K/root/ros2_ws/src/project_03/src/target_sequence_node.cpp:34:63:\x1b[m\x1b[K \x1b[01;35m\x1b[Kwarning: \x1b[m\x1b[Kunused parameter \xe2\x80\x98\x1b[01m\x1b[Ky2\x1b[m\x1b[K\xe2\x80\x99 [\x1b[01;35m\x1b[K\x1b]8;;https://gcc.gnu.org/onlinedocs/gcc/Warning-Options.html#index-Wunused-parameter\x07-Wunused-parameter\x1b]8;;\x07\x1b[m\x1b[K]\n'}
[2.475096] (project_03) StderrLine: {'line': b'   34 | void clean_rectangle( double x1, double y1, double x2, \x1b[01;35m\x1b[Kdouble y2\x1b[m\x1b[K) {\n'}
[2.475161] (project_03) StderrLine: {'line': b'      |                                                        \x1b[01;35m\x1b[K~~~~~~~^~\x1b[m\x1b[K\n'}
[2.512375] (-) TimerEvent: {}
[2.612927] (-) TimerEvent: {}
[2.713545] (-) TimerEvent: {}
[2.814168] (-) TimerEvent: {}
[2.914844] (-) TimerEvent: {}
[3.015383] (-) TimerEvent: {}
[3.115749] (-) TimerEvent: {}
[3.216167] (-) TimerEvent: {}
[3.273181] (project_03) StderrLine: {'line': b'gmake[2]: *** [CMakeFiles/target_sequence_node.dir/build.make:76: CMakeFiles/target_sequence_node.dir/src/target_sequence_node.cpp.o] Error 1\n'}
[3.273629] (project_03) StderrLine: {'line': b'gmake[1]: *** [CMakeFiles/Makefile2:165: CMakeFiles/target_sequence_node.dir/all] Error 2\n'}
[3.273721] (project_03) StderrLine: {'line': b'gmake[1]: *** Waiting for unfinished jobs....\n'}
[3.316362] (-) TimerEvent: {}
[3.416792] (-) TimerEvent: {}
[3.517271] (-) TimerEvent: {}
[3.617784] (-) TimerEvent: {}
[3.718290] (-) TimerEvent: {}
[3.818700] (-) TimerEvent: {}
[3.919145] (-) TimerEvent: {}
[4.019562] (-) TimerEvent: {}
[4.120065] (-) TimerEvent: {}
[4.220400] (-) TimerEvent: {}
[4.320917] (-) TimerEvent: {}
[4.421349] (-) TimerEvent: {}
[4.521867] (-) TimerEvent: {}
[4.622328] (-) TimerEvent: {}
[4.722837] (-) TimerEvent: {}
[4.823409] (-) TimerEvent: {}
[4.923869] (-) TimerEvent: {}
[5.024324] (-) TimerEvent: {}
[5.124973] (-) TimerEvent: {}
[5.225495] (-) TimerEvent: {}
[5.325984] (-) TimerEvent: {}
[5.426399] (-) TimerEvent: {}
[5.526833] (-) TimerEvent: {}
[5.627415] (-) TimerEvent: {}
[5.727898] (-) TimerEvent: {}
[5.828389] (-) TimerEvent: {}
[5.928830] (-) TimerEvent: {}
[6.029367] (-) TimerEvent: {}
[6.129887] (-) TimerEvent: {}
[6.230357] (-) TimerEvent: {}
[6.330812] (-) TimerEvent: {}
[6.431283] (-) TimerEvent: {}
[6.531742] (-) TimerEvent: {}
[6.632208] (-) TimerEvent: {}
[6.732676] (-) TimerEvent: {}
[6.833176] (-) TimerEvent: {}
[6.933678] (-) TimerEvent: {}
[7.034286] (-) TimerEvent: {}
[7.134913] (-) TimerEvent: {}
[7.235392] (-) TimerEvent: {}
[7.335885] (-) TimerEvent: {}
[7.436359] (-) TimerEvent: {}
[7.536951] (-) TimerEvent: {}
[7.637853] (-) TimerEvent: {}
[7.738374] (-) TimerEvent: {}
[7.838795] (-) TimerEvent: {}
[7.939345] (-) TimerEvent: {}
[8.040045] (-) TimerEvent: {}
[8.140480] (-) TimerEvent: {}
[8.240989] (-) TimerEvent: {}
[8.341598] (-) TimerEvent: {}
[8.442368] (-) TimerEvent: {}
[8.542754] (-) TimerEvent: {}
[8.643241] (-) TimerEvent: {}
[8.743725] (-) TimerEvent: {}
[8.844340] (-) TimerEvent: {}
[8.944935] (-) TimerEvent: {}
[9.045474] (-) TimerEvent: {}
[9.145995] (-) TimerEvent: {}
[9.246494] (-) TimerEvent: {}
[9.346873] (-) TimerEvent: {}
[9.455229] (-) TimerEvent: {}
[9.555757] (-) TimerEvent: {}
[9.656227] (-) TimerEvent: {}
[9.756683] (-) TimerEvent: {}
[9.857012] (-) TimerEvent: {}
[9.957408] (-) TimerEvent: {}
[10.058112] (-) TimerEvent: {}
[10.060485] (project_03) StdoutLine: {'line': b'[ 75%] \x1b[32m\x1b[1mLinking CXX executable goto_target_node\x1b[0m\n'}
[10.158243] (-) TimerEvent: {}
[10.258688] (-) TimerEvent: {}
[10.359098] (-) TimerEvent: {}
[10.459556] (-) TimerEvent: {}
[10.560111] (-) TimerEvent: {}
[10.619654] (project_03) StdoutLine: {'line': b'[ 75%] Built target goto_target_node\n'}
[10.620859] (project_03) StderrLine: {'line': b'gmake: *** [Makefile:146: all] Error 2\n'}
[10.623669] (project_03) CommandEnded: {'returncode': 2}
[10.633994] (project_03) JobEnded: {'identifier': 'project_03', 'rc': 2}
[10.644733] (-) EventReactorShutdown: {}
