[35m[1mConsolidate compiler generated dependencies of target goto_node[0m
[ 50%] [32mBuilding CXX object CMakeFiles/goto_node.dir/src/goto_node.cpp.o[0m
[01m[K/root/ros2_ws/src/project_03/src/goto_node.cpp:[m[K In function â€˜[01m[Kint main()[m[Kâ€™:
[01m[K/root/ros2_ws/src/project_03/src/goto_node.cpp:104:16:[m[K [01;31m[Kerror: [m[Kâ€˜[01m[Kargc[m[Kâ€™ was not declared in this scope
  104 |   rclcpp::init([01;31m[Kargc[m[K, argv);
      |                [01;31m[K^~~~[m[K
[01m[K/root/ros2_ws/src/project_03/src/goto_node.cpp:104:22:[m[K [01;31m[Kerror: [m[Kâ€˜[01m[Kargv[m[Kâ€™ was not declared in this scope
  104 |   rclcpp::init(argc, [01;31m[Kargv[m[K);
      |                      [01;31m[K^~~~[m[K
gmake[2]: *** [CMakeFiles/goto_node.dir/build.make:76: CMakeFiles/goto_node.dir/src/goto_node.cpp.o] Error 1
gmake[1]: *** [CMakeFiles/Makefile2:137: CMakeFiles/goto_node.dir/all] Error 2
gmake: *** [Makefile:146: all] Error 2
