[01m[K/root/ros2_ws/src/project_03/src/target_sequence_node.cpp:[m[K In constructor â€˜[01m[KTargetPublisherNode::TargetPublisherNode()[m[Kâ€™:
[01m[K/root/ros2_ws/src/project_03/src/target_sequence_node.cpp:20:5:[m[K [01;31m[Kerror: [m[Kâ€˜[01m[Kgoto_status_subscription_[m[Kâ€™ was not declared in this scope
   20 |     [01;31m[Kgoto_status_subscription_[m[K  = create_subscription<endicott_interfaces::msg::MoveStatus>(
      |     [01;31m[K^~~~~~~~~~~~~~~~~~~~~~~~~[m[K
[01m[K/root/ros2_ws/src/project_03/src/target_sequence_node.cpp:21:36:[m[K [01;31m[Kerror: [m[Kâ€˜[01m[Ktarget_sequence_node[m[Kâ€™ has not been declared
   21 |     "/goto_status", 10, std::bind(&[01;31m[Ktarget_sequence_node[m[K::goto_status_callback, this, std::placeholders::_1));
      |                                    [01;31m[K^~~~~~~~~~~~~~~~~~~~[m[K
[01m[K/root/ros2_ws/src/project_03/src/target_sequence_node.cpp:[m[K In member function â€˜[01m[Kvoid TargetPublisherNode::clean_rectangle(double, double, double, double)[m[Kâ€™:
[01m[K/root/ros2_ws/src/project_03/src/target_sequence_node.cpp:35:63:[m[K [01;35m[Kwarning: [m[Kunused parameter â€˜[01m[Ky2[m[Kâ€™ [[01;35m[K]8;;https://gcc.gnu.org/onlinedocs/gcc/Warning-Options.html#index-Wunused-parameter-Wunused-parameter]8;;[m[K]
   35 | void clean_rectangle( double x1, double y1, double x2, [01;35m[Kdouble y2[m[K) {
      |                                                        [01;35m[K~~~~~~~^~[m[K
gmake[2]: *** [CMakeFiles/target_sequence_node.dir/build.make:76: CMakeFiles/target_sequence_node.dir/src/target_sequence_node.cpp.o] Error 1
gmake[1]: *** [CMakeFiles/Makefile2:165: CMakeFiles/target_sequence_node.dir/all] Error 2
gmake: *** [Makefile:146: all] Error 2
