[01m[K/root/ros2_ws/src/project_03/src/target_publisher_node.cpp:2:10:[m[K [01;31m[Kfatal error: [m[Krclcpp/rclcpp.hpp: No such file or directory
    2 | #include [01;31m[K"rclcpp/rclcpp.hpp"[m[K
      |          [01;31m[K^~~~~~~~~~~~~~~~~~~[m[K
compilation terminated.
gmake[2]: *** [CMakeFiles/target_publisher_node.dir/build.make:76: CMakeFiles/target_publisher_node.dir/src/target_publisher_node.cpp.o] Error 1
gmake[1]: *** [CMakeFiles/Makefile2:165: CMakeFiles/target_publisher_node.dir/all] Error 2
gmake: *** [Makefile:146: all] Error 2
