[01m[K/root/ros2_ws/src/project_03/src/target_publisher_node.cpp:23:9:[m[K [01;31m[Kerror: [m[Kexpected unqualified-id before â€˜[01m[K+[m[Kâ€™ token
   23 | private:[01;31m[K+[m[K
      |         [01;31m[K^[m[K
[01m[K/root/ros2_ws/src/project_03/src/target_publisher_node.cpp:[m[K In constructor â€˜[01m[KTargetPublisherNode::TargetPublisherNode()[m[Kâ€™:
[01m[K/root/ros2_ws/src/project_03/src/target_publisher_node.cpp:18:26:[m[K [01;31m[Kerror: [m[Kâ€˜[01m[Kpublish_target_pose[m[Kâ€™ is not a member of â€˜[01m[KTargetPublisherNode[m[Kâ€™
   18 |     TargetPublisherNode::[01;31m[Kpublish_target_pose[m[K( x1, y1, 0);
      |                          [01;31m[K^~~~~~~~~~~~~~~~~~~[m[K
[01m[K/root/ros2_ws/src/project_03/src/target_publisher_node.cpp:20:26:[m[K [01;31m[Kerror: [m[Kâ€˜[01m[Kpublish_target_pose[m[Kâ€™ is not a member of â€˜[01m[KTargetPublisherNode[m[Kâ€™
   20 |     TargetPublisherNode::[01;31m[Kpublish_target_pose[m[K( x1, y2, 0);
      |                          [01;31m[K^~~~~~~~~~~~~~~~~~~[m[K
gmake[2]: *** [CMakeFiles/target_publisher_node.dir/build.make:76: CMakeFiles/target_publisher_node.dir/src/target_publisher_node.cpp.o] Error 1
gmake[1]: *** [CMakeFiles/Makefile2:165: CMakeFiles/target_publisher_node.dir/all] Error 2
gmake: *** [Makefile:146: all] Error 2
