[0.012s] Invoking command in '/root/ros2_ws/src/project_03/build/project_03': CMAKE_PREFIX_PATH=${CMAKE_PREFIX_PATH}:/root/ros2_ws/install/turtlebot3_teleop:/root/ros2_ws/install/turtlebot3_example:/opt/ros/humble /usr/bin/cmake --build /root/ros2_ws/src/project_03/build/project_03 -- -j8 -l8
[0.050s] [35m[1mConsolidate compiler generated dependencies of target target_sequence_node[0m
[0.060s] [ 50%] Built target goto_target_node
[0.068s] [ 75%] [32mBuilding CXX object CMakeFiles/target_sequence_node.dir/src/target_sequence_node.cpp.o[0m
[2.051s] [01m[K/root/ros2_ws/src/project_03/src/target_sequence_node.cpp:15:3:[m[K [01;31m[Kerror: [m[KISO C++ forbids declaration of â€˜[01m[KTargetPublisherNode[m[Kâ€™ with no type [[01;31m[K]8;;https://gcc.gnu.org/onlinedocs/gcc/Warning-Options.html#index-fpermissive-fpermissive]8;;[m[K]
[2.051s]    15 |   [01;31m[KTargetPublisherNode[m[K() : Node("target_publisher_node") {
[2.051s]       |   [01;31m[K^~~~~~~~~~~~~~~~~~~[m[K
[2.056s] [01m[K/root/ros2_ws/src/project_03/src/target_sequence_node.cpp:[m[K In member function â€˜[01m[Kint TargetSequenceNode::TargetPublisherNode()[m[Kâ€™:
[2.056s] [01m[K/root/ros2_ws/src/project_03/src/target_sequence_node.cpp:15:27:[m[K [01;31m[Kerror: [m[Konly constructors take member initializers
[2.056s]    15 |   TargetPublisherNode() : [01;31m[KNode[m[K("target_publisher_node") {
[2.056s]       |                           [01;31m[K^~~~[m[K
[2.067s] [01m[K/root/ros2_ws/src/project_03/src/target_sequence_node.cpp:20:5:[m[K [01;31m[Kerror: [m[Kâ€˜[01m[Kgoto_status_subscription_[m[Kâ€™ was not declared in this scope
[2.067s]    20 |     [01;31m[Kgoto_status_subscription_[m[K  = create_subscription<endicott_interfaces::msg::MoveStatus>(
[2.067s]       |     [01;31m[K^~~~~~~~~~~~~~~~~~~~~~~~~[m[K
[2.112s] [01m[K/root/ros2_ws/src/project_03/src/target_sequence_node.cpp:[m[K In member function â€˜[01m[Kvoid TargetSequenceNode::clean_rectangle(double, double, double, double)[m[Kâ€™:
[2.112s] [01m[K/root/ros2_ws/src/project_03/src/target_sequence_node.cpp:35:63:[m[K [01;35m[Kwarning: [m[Kunused parameter â€˜[01m[Ky2[m[Kâ€™ [[01;35m[K]8;;https://gcc.gnu.org/onlinedocs/gcc/Warning-Options.html#index-Wunused-parameter-Wunused-parameter]8;;[m[K]
[2.112s]    35 | void clean_rectangle( double x1, double y1, double x2, [01;35m[Kdouble y2[m[K) {
[2.112s]       |                                                        [01;35m[K~~~~~~~^~[m[K
[2.782s] In file included from [01m[K/usr/include/x86_64-linux-gnu/c++/11/bits/c++allocator.h:33[m[K,
[2.782s]                  from [01m[K/usr/include/c++/11/bits/allocator.h:46[m[K,
[2.782s]                  from [01m[K/usr/include/c++/11/memory:64[m[K,
[2.783s]                  from [01m[K/opt/ros/humble/include/rclcpp/rclcpp/rclcpp.hpp:153[m[K,
[2.783s]                  from [01m[K/root/ros2_ws/src/project_03/src/target_sequence_node.cpp:2[m[K:
[2.783s] /usr/include/c++/11/ext/new_allocator.h: In instantiation of â€˜[01m[Kvoid __gnu_cxx::new_allocator<_Tp>::construct(_Up*, _Args&& ...) [with _Up = TargetSequenceNode; _Args = {}; _Tp = TargetSequenceNode][m[Kâ€™:
[2.783s] [01m[K/usr/include/c++/11/bits/alloc_traits.h:516:17:[m[K   required from â€˜[01m[Kstatic void std::allocator_traits<std::allocator<_Tp1> >::construct(std::allocator_traits<std::allocator<_Tp1> >::allocator_type&, _Up*, _Args&& ...) [with _Up = TargetSequenceNode; _Args = {}; _Tp = TargetSequenceNode; std::allocator_traits<std::allocator<_Tp1> >::allocator_type = std::allocator<TargetSequenceNode>][m[Kâ€™
[2.783s] [01m[K/usr/include/c++/11/bits/shared_ptr_base.h:519:39:[m[K   required from â€˜[01m[Kstd::_Sp_counted_ptr_inplace<_Tp, _Alloc, _Lp>::_Sp_counted_ptr_inplace(_Alloc, _Args&& ...) [with _Args = {}; _Tp = TargetSequenceNode; _Alloc = std::allocator<TargetSequenceNode>; __gnu_cxx::_Lock_policy _Lp = __gnu_cxx::_S_atomic][m[Kâ€™
[2.783s] [01m[K/usr/include/c++/11/bits/shared_ptr_base.h:650:16:[m[K   required from â€˜[01m[Kstd::__shared_count<_Lp>::__shared_count(_Tp*&, std::_Sp_alloc_shared_tag<_Alloc>, _Args&& ...) [with _Tp = TargetSequenceNode; _Alloc = std::allocator<TargetSequenceNode>; _Args = {}; __gnu_cxx::_Lock_policy _Lp = __gnu_cxx::_S_atomic][m[Kâ€™
[2.783s] [01m[K/usr/include/c++/11/bits/shared_ptr_base.h:1342:14:[m[K   required from â€˜[01m[Kstd::__shared_ptr<_Tp, _Lp>::__shared_ptr(std::_Sp_alloc_shared_tag<_Tp>, _Args&& ...) [with _Alloc = std::allocator<TargetSequenceNode>; _Args = {}; _Tp = TargetSequenceNode; __gnu_cxx::_Lock_policy _Lp = __gnu_cxx::_S_atomic][m[Kâ€™
[2.783s] [01m[K/usr/include/c++/11/bits/shared_ptr.h:409:59:[m[K   required from â€˜[01m[Kstd::shared_ptr<_Tp>::shared_ptr(std::_Sp_alloc_shared_tag<_Tp>, _Args&& ...) [with _Alloc = std::allocator<TargetSequenceNode>; _Args = {}; _Tp = TargetSequenceNode][m[Kâ€™
[2.783s] [01m[K/usr/include/c++/11/bits/shared_ptr.h:862:14:[m[K   required from â€˜[01m[Kstd::shared_ptr<_Tp> std::allocate_shared(const _Alloc&, _Args&& ...) [with _Tp = TargetSequenceNode; _Alloc = std::allocator<TargetSequenceNode>; _Args = {}][m[Kâ€™
[2.783s] [01m[K/usr/include/c++/11/bits/shared_ptr.h:878:39:[m[K   required from â€˜[01m[Kstd::shared_ptr<_Tp> std::make_shared(_Args&& ...) [with _Tp = TargetSequenceNode; _Args = {}][m[Kâ€™
[2.783s] [01m[K/root/ros2_ws/src/project_03/src/target_sequence_node.cpp:87:52:[m[K   required from here
[2.783s] [01m[K/usr/include/c++/11/ext/new_allocator.h:162:11:[m[K [01;31m[Kerror: [m[Kuse of deleted function â€˜[01m[KTargetSequenceNode::TargetSequenceNode()[m[Kâ€™
[2.784s]   162 |         { [01;31m[K::new((void *)__p) _Up(std::forward<_Args>(__args)...)[m[K; }
[2.784s]       |           [01;31m[K^~~~~~~~~~~~~~~~~~~~~~~~~~~~~~~~~~~~~~~~~~~~~~~~~~~~~~[m[K
[2.784s] [01m[K/root/ros2_ws/src/project_03/src/target_sequence_node.cpp:13:7:[m[K [01;36m[Knote: [m[Kâ€˜[01m[KTargetSequenceNode::TargetSequenceNode()[m[Kâ€™ is implicitly deleted because the default definition would be ill-formed:
[2.784s]    13 | class [01;36m[KTargetSequenceNode[m[K : public rclcpp::Node {
[2.784s]       |       [01;36m[K^~~~~~~~~~~~~~~~~~[m[K
[2.784s] [01m[K/root/ros2_ws/src/project_03/src/target_sequence_node.cpp:13:7:[m[K [01;31m[Kerror: [m[Kno matching function for call to â€˜[01m[Krclcpp::Node::Node()[m[Kâ€™
[2.784s] In file included from [01m[K/opt/ros/humble/include/rclcpp/rclcpp/executors/single_threaded_executor.hpp:28[m[K,
[2.784s]                  from [01m[K/opt/ros/humble/include/rclcpp/rclcpp/executors.hpp:22[m[K,
[2.784s]                  from [01m[K/opt/ros/humble/include/rclcpp/rclcpp/rclcpp.hpp:155[m[K,
[2.784s]                  from [01m[K/root/ros2_ws/src/project_03/src/target_sequence_node.cpp:2[m[K:
[2.784s] [01m[K/opt/ros/humble/include/rclcpp/rclcpp/node.hpp:1294:3:[m[K [01;36m[Knote: [m[Kcandidate: â€˜[01m[Krclcpp::Node::Node(const rclcpp::Node&, const string&)[m[Kâ€™
[2.784s]  1294 |   [01;36m[KNode[m[K(
[2.784s]       |   [01;36m[K^~~~[m[K
[2.784s] [01m[K/opt/ros/humble/include/rclcpp/rclcpp/node.hpp:1294:3:[m[K [01;36m[Knote: [m[K  candidate expects 2 arguments, 0 provided
[2.784s] [01m[K/opt/ros/humble/include/rclcpp/rclcpp/node.hpp:101:12:[m[K [01;36m[Knote: [m[Kcandidate: â€˜[01m[Krclcpp::Node::Node(const string&, const string&, const rclcpp::NodeOptions&)[m[Kâ€™
[2.784s]   101 |   explicit [01;36m[KNode[m[K(
[2.784s]       |            [01;36m[K^~~~[m[K
[2.784s] [01m[K/opt/ros/humble/include/rclcpp/rclcpp/node.hpp:101:12:[m[K [01;36m[Knote: [m[K  candidate expects 3 arguments, 0 provided
[2.784s] [01m[K/opt/ros/humble/include/rclcpp/rclcpp/node.hpp:89:12:[m[K [01;36m[Knote: [m[Kcandidate: â€˜[01m[Krclcpp::Node::Node(const string&, const rclcpp::NodeOptions&)[m[Kâ€™
[2.784s]    89 |   explicit [01;36m[KNode[m[K(
[2.784s]       |            [01;36m[K^~~~[m[K
[2.784s] [01m[K/opt/ros/humble/include/rclcpp/rclcpp/node.hpp:89:12:[m[K [01;36m[Knote: [m[K  candidate expects 2 arguments, 0 provided
[4.168s] gmake[2]: *** [CMakeFiles/target_sequence_node.dir/build.make:76: CMakeFiles/target_sequence_node.dir/src/target_sequence_node.cpp.o] Error 1
[4.168s] gmake[1]: *** [CMakeFiles/Makefile2:165: CMakeFiles/target_sequence_node.dir/all] Error 2
[4.168s] gmake: *** [Makefile:146: all] Error 2
[4.170s] Invoked command in '/root/ros2_ws/src/project_03/build/project_03' returned '2': CMAKE_PREFIX_PATH=${CMAKE_PREFIX_PATH}:/root/ros2_ws/install/turtlebot3_teleop:/root/ros2_ws/install/turtlebot3_example:/opt/ros/humble /usr/bin/cmake --build /root/ros2_ws/src/project_03/build/project_03 -- -j8 -l8
