[0.015s] Invoking command in '/root/ros2_ws/src/project_03/build/project_03': CMAKE_PREFIX_PATH=${CMAKE_PREFIX_PATH}:/root/ros2_ws/install/turtlebot3_teleop:/root/ros2_ws/install/turtlebot3_example:/opt/ros/humble /usr/bin/cmake --build /root/ros2_ws/src/project_03/build/project_03 -- -j8 -l8
[0.039s] -- Found ament_cmake: 1.3.11 (/opt/ros/humble/share/ament_cmake/cmake)
[0.159s] -- Found rosidl_default_generators: 1.2.0 (/opt/ros/humble/share/rosidl_default_generators/cmake)
[0.164s] -- Using all available rosidl_typesupport_c: rosidl_typesupport_fastrtps_c;rosidl_typesupport_introspection_c
[0.168s] -- Found rosidl_adapter: 3.1.6 (/opt/ros/humble/share/rosidl_adapter/cmake)
[0.275s] -- Using all available rosidl_typesupport_cpp: rosidl_typesupport_fastrtps_cpp;rosidl_typesupport_introspection_cpp
[0.299s] -- Found ament_index_cpp: 1.4.0 (/opt/ros/humble/share/ament_index_cpp/cmake)
[0.300s] -- Found geometry_msgs: 4.2.4 (/opt/ros/humble/share/geometry_msgs/cmake)
[0.331s] -- Found rclcpp: 16.0.11 (/opt/ros/humble/share/rclcpp/cmake)
[0.356s] -- Found rmw_implementation_cmake: 6.1.2 (/opt/ros/humble/share/rmw_implementation_cmake/cmake)
[0.358s] -- Found rmw_fastrtps_cpp: 6.2.7 (/opt/ros/humble/share/rmw_fastrtps_cpp/cmake)
[3.413s] -- Using RMW implementation 'rmw_fastrtps_cpp' as default
[3.444s] -- Found rclcpp_action: 16.0.11 (/opt/ros/humble/share/rclcpp_action/cmake)
[3.464s] -- Found std_srvs: 4.2.4 (/opt/ros/humble/share/std_srvs/cmake)
[3.472s] -- Found turtlesim: 1.4.2 (/opt/ros/humble/share/turtlesim/cmake)
[3.482s] -- Found endicott_interfaces: 0.0.0 (/root/ros2_ws/src/endicott_interfaces/install/endicott_interfaces/share/endicott_interfaces/cmake)
[3.496s] -- Found ament_lint_auto: 0.12.11 (/opt/ros/humble/share/ament_lint_auto/cmake)
[3.566s] -- Added test 'cppcheck' to perform static code analysis on C / C++ code
[3.567s] -- Configured cppcheck include dirs: $<BUILD_INTERFACE:/root/ros2_ws/src/project_03/include>
[3.567s] -- Configured cppcheck exclude dirs and/or files: 
[3.570s] -- Added test 'flake8' to check Python code syntax and style conventions
[3.574s] -- Added test 'lint_cmake' to check CMake code style
[3.576s] -- Added test 'pep257' to check Python code against some of the docstring style conventions in PEP 257
[3.591s] -- Added test 'uncrustify' to check C / C++ code style
[3.591s] -- Configured uncrustify additional arguments: 
[3.593s] -- Added test 'xmllint' to check XML markup files
[3.593s] -- Configuring done
[3.605s] -- Generating done
[3.610s] -- Build files have been written to: /root/ros2_ws/src/project_03/build/project_03
[3.634s] [35m[1mConsolidate compiler generated dependencies of target goto_target_node[0m
[3.634s] [35m[1mConsolidate compiler generated dependencies of target target_sequence_node[0m
[3.650s] [ 50%] Built target goto_target_node
[3.650s] [ 75%] [32mBuilding CXX object CMakeFiles/target_sequence_node.dir/src/target_sequence_node.cpp.o[0m
[5.631s] [01m[K/root/ros2_ws/src/project_03/src/target_sequence_node.cpp:61:35:[m[K [01;31m[Kerror: [m[Kâ€˜[01m[Kendicott_interfaces[m[Kâ€™ does not name a type
[5.631s]    61 |   void goto_status_callback(const [01;31m[Kendicott_interfaces[m[K::msg::MoveStatus::SharedPtr msg) {
[5.631s]       |                                   [01;31m[K^~~~~~~~~~~~~~~~~~~[m[K
[5.631s] [01m[K/root/ros2_ws/src/project_03/src/target_sequence_node.cpp:61:59:[m[K [01;31m[Kerror: [m[Kexpected unqualified-id before â€˜[01m[K::[m[Kâ€™ token
[5.631s]    61 |   void goto_status_callback(const endicott_interfaces::msg[01;31m[K::[m[KMoveStatus::SharedPtr msg) {
[5.631s]       |                                                           [01;31m[K^~[m[K
[5.631s] [01m[K/root/ros2_ws/src/project_03/src/target_sequence_node.cpp:61:59:[m[K [01;31m[Kerror: [m[Kexpected â€˜[01m[K)[m[Kâ€™ before â€˜[01m[K::[m[Kâ€™ token
[5.631s]    61 |   void goto_status_callback[34m[K([m[Kconst endicott_interfaces::msg[01;31m[K:[m[K[32m[K:[m[KMoveStatus::SharedPtr msg) {
[5.631s]       |                            [34m[K~[m[K                              [01;31m[K^[m[K[32m[K~[m[K
[5.631s]       |                                                           [32m[K)[m[K
[5.631s] [01m[K/root/ros2_ws/src/project_03/src/target_sequence_node.cpp:61:56:[m[K [01;31m[Kerror: [m[Kexpected â€˜[01m[K;[m[Kâ€™ at end of member declaration
[5.631s]    61 |   void goto_status_callback(const endicott_interfaces::[01;31m[Kmsg[m[K::MoveStatus::SharedPtr msg) {
[5.631s]       |                                                        [01;31m[K^~~[m[K
[5.631s]       |                                                           [32m[K;[m[K
[5.633s] [01m[K/root/ros2_ws/src/project_03/src/target_sequence_node.cpp:61:61:[m[K [01;31m[Kerror: [m[Kâ€˜[01m[KMoveStatus[m[Kâ€™ in namespace â€˜[01m[K::[m[Kâ€™ does not name a type
[5.633s]    61 |   void goto_status_callback(const endicott_interfaces::msg::[01;31m[KMoveStatus[m[K::SharedPtr msg) {
[5.633s]       |                                                             [01;31m[K^~~~~~~~~~[m[K
[5.640s] [01m[K/root/ros2_ws/src/project_03/src/target_sequence_node.cpp:76:3:[m[K [01;31m[Kerror: [m[Kâ€˜[01m[Kstring[m[Kâ€™ does not name a type; did you mean â€˜[01m[Kstdin[m[Kâ€™?
[5.640s]    76 |   [01;31m[Kstring[m[K goto_state;
[5.640s]       |   [01;31m[K^~~~~~[m[K
[5.640s]       |   [32m[Kstdin[m[K
[5.640s] [01m[K/root/ros2_ws/src/project_03/src/target_sequence_node.cpp:77:2:[m[K [01;31m[Kerror: [m[Kexpected â€˜[01m[K;[m[Kâ€™ after class definition
[5.640s]    77 | }
[5.640s]       |  [01;31m[K^[m[K
[5.640s]       |  [32m[K;[m[K
[5.652s] [01m[K/root/ros2_ws/src/project_03/src/target_sequence_node.cpp:[m[K In constructor â€˜[01m[KTargetPublisherNode::TargetPublisherNode()[m[Kâ€™:
[5.652s] [01m[K/root/ros2_ws/src/project_03/src/target_sequence_node.cpp:19:5:[m[K [01;31m[Kerror: [m[Kâ€˜[01m[Kgoto_status_subscription_[m[Kâ€™ was not declared in this scope
[5.652s]    19 |     [01;31m[Kgoto_status_subscription_[m[K  = create_subscription<endicott_interfaces::msg::MoveStatus>(
[5.653s]       |     [01;31m[K^~~~~~~~~~~~~~~~~~~~~~~~~[m[K
[5.661s] [01m[K/root/ros2_ws/src/project_03/src/target_sequence_node.cpp:19:54:[m[K [01;31m[Kerror: [m[Kâ€˜[01m[Kendicott_interfaces[m[Kâ€™ was not declared in this scope; did you mean â€˜[01m[Krcl_interfaces[m[Kâ€™?
[5.661s]    19 |     goto_status_subscription_  = create_subscription<[01;31m[Kendicott_interfaces[m[K::msg::MoveStatus>(
[5.661s]       |                                                      [01;31m[K^~~~~~~~~~~~~~~~~~~[m[K
[5.661s]       |                                                      [32m[Krcl_interfaces[m[K
[5.661s] [01m[K/root/ros2_ws/src/project_03/src/target_sequence_node.cpp:19:34:[m[K [01;31m[Kerror: [m[Kparse error in template argument list
[5.661s]    19 |     goto_status_subscription_  = [01;31m[Kcreate_subscription<endicott_interfaces::msg::MoveStatus>[m[K(
[5.661s]       |                                  [01;31m[K^~~~~~~~~~~~~~~~~~~~~~~~~~~~~~~~~~~~~~~~~~~~~~~~~~~~~~~~~[m[K
[5.661s] [01m[K/root/ros2_ws/src/project_03/src/target_sequence_node.cpp:20:36:[m[K [01;31m[Kerror: [m[Kâ€˜[01m[Ktarget_publisher_node[m[Kâ€™ has not been declared
[5.661s]    20 |     "/goto_status", 10, std::bind(&[01;31m[Ktarget_publisher_node[m[K::goto_status_callback, this, std::placeholders::_1));
[5.661s]       |                                    [01;31m[K^~~~~~~~~~~~~~~~~~~~~[m[K
[5.662s] [01m[K/root/ros2_ws/src/project_03/src/target_sequence_node.cpp:[m[K In member function â€˜[01m[Kvoid TargetPublisherNode::clean_rectangle(double, double, double, double)[m[Kâ€™:
[5.662s] [01m[K/root/ros2_ws/src/project_03/src/target_sequence_node.cpp:34:63:[m[K [01;35m[Kwarning: [m[Kunused parameter â€˜[01m[Ky2[m[Kâ€™ [[01;35m[K]8;;https://gcc.gnu.org/onlinedocs/gcc/Warning-Options.html#index-Wunused-parameter-Wunused-parameter]8;;[m[K]
[5.662s]    34 | void clean_rectangle( double x1, double y1, double x2, [01;35m[Kdouble y2[m[K) {
[5.662s]       |                                                        [01;35m[K~~~~~~~^~[m[K
[6.344s] gmake[2]: *** [CMakeFiles/target_sequence_node.dir/build.make:76: CMakeFiles/target_sequence_node.dir/src/target_sequence_node.cpp.o] Error 1
[6.344s] gmake[1]: *** [CMakeFiles/Makefile2:165: CMakeFiles/target_sequence_node.dir/all] Error 2
[6.344s] gmake: *** [Makefile:146: all] Error 2
[6.347s] Invoked command in '/root/ros2_ws/src/project_03/build/project_03' returned '2': CMAKE_PREFIX_PATH=${CMAKE_PREFIX_PATH}:/root/ros2_ws/install/turtlebot3_teleop:/root/ros2_ws/install/turtlebot3_example:/opt/ros/humble /usr/bin/cmake --build /root/ros2_ws/src/project_03/build/project_03 -- -j8 -l8
