[0.014s] Invoking command in '/root/ros2_ws/src/project_03/build/project_03': CMAKE_PREFIX_PATH=${CMAKE_PREFIX_PATH}:/root/ros2_ws/install/turtlebot3_teleop:/root/ros2_ws/install/turtlebot3_example:/opt/ros/humble /usr/bin/cmake --build /root/ros2_ws/src/project_03/build/project_03 -- -j8 -l8
[0.033s] -- Found ament_cmake: 1.3.11 (/opt/ros/humble/share/ament_cmake/cmake)
[0.143s] -- Found rosidl_default_generators: 1.2.0 (/opt/ros/humble/share/rosidl_default_generators/cmake)
[0.145s] -- Using all available rosidl_typesupport_c: rosidl_typesupport_fastrtps_c;rosidl_typesupport_introspection_c
[0.147s] -- Found rosidl_adapter: 3.1.6 (/opt/ros/humble/share/rosidl_adapter/cmake)
[0.271s] -- Using all available rosidl_typesupport_cpp: rosidl_typesupport_fastrtps_cpp;rosidl_typesupport_introspection_cpp
[0.291s] -- Found ament_index_cpp: 1.4.0 (/opt/ros/humble/share/ament_index_cpp/cmake)
[0.292s] -- Found geometry_msgs: 4.2.4 (/opt/ros/humble/share/geometry_msgs/cmake)
[0.319s] -- Found rclcpp: 16.0.11 (/opt/ros/humble/share/rclcpp/cmake)
[0.338s] -- Found rmw_implementation_cmake: 6.1.2 (/opt/ros/humble/share/rmw_implementation_cmake/cmake)
[0.340s] -- Found rmw_fastrtps_cpp: 6.2.7 (/opt/ros/humble/share/rmw_fastrtps_cpp/cmake)
[3.677s] -- Using RMW implementation 'rmw_fastrtps_cpp' as default
[3.707s] -- Found rclcpp_action: 16.0.11 (/opt/ros/humble/share/rclcpp_action/cmake)
[3.729s] -- Found std_srvs: 4.2.4 (/opt/ros/humble/share/std_srvs/cmake)
[3.735s] -- Found turtlesim: 1.4.2 (/opt/ros/humble/share/turtlesim/cmake)
[3.747s] -- Found endicott_interfaces: 0.0.0 (/root/ros2_ws/src/endicott_interfaces/install/endicott_interfaces/share/endicott_interfaces/cmake)
[3.763s] -- Found ament_lint_auto: 0.12.11 (/opt/ros/humble/share/ament_lint_auto/cmake)
[3.834s] -- Added test 'cppcheck' to perform static code analysis on C / C++ code
[3.835s] -- Configured cppcheck include dirs: $<BUILD_INTERFACE:/root/ros2_ws/src/project_03/include>
[3.835s] -- Configured cppcheck exclude dirs and/or files: 
[3.838s] -- Added test 'flake8' to check Python code syntax and style conventions
[3.844s] -- Added test 'lint_cmake' to check CMake code style
[3.846s] -- Added test 'pep257' to check Python code against some of the docstring style conventions in PEP 257
[3.864s] -- Added test 'uncrustify' to check C / C++ code style
[3.864s] -- Configured uncrustify additional arguments: 
[3.866s] -- Added test 'xmllint' to check XML markup files
[3.866s] -- Configuring done
[3.879s] -- Generating done
[3.884s] -- Build files have been written to: /root/ros2_ws/src/project_03/build/project_03
[3.907s] [35m[1mConsolidate compiler generated dependencies of target goto_target_node[0m
[3.908s] [35m[1mConsolidate compiler generated dependencies of target target_sequence_node[0m
[3.926s] [ 75%] Built target goto_target_node
[3.926s] [ 75%] [32mBuilding CXX object CMakeFiles/target_sequence_node.dir/src/target_sequence_node.cpp.o[0m
[6.152s] [01m[K/root/ros2_ws/src/project_03/src/target_sequence_node.cpp:[m[K In constructor â€˜[01m[KTargetSequenceNode::TargetSequenceNode()[m[Kâ€™:
[6.152s] [01m[K/root/ros2_ws/src/project_03/src/target_sequence_node.cpp:20:5:[m[K [01;31m[Kerror: [m[Kâ€˜[01m[Kgoto_status_subscription_[m[Kâ€™ was not declared in this scope
[6.152s]    20 |     [01;31m[Kgoto_status_subscription_[m[K  = create_subscription<endicott_interfaces::msg::MoveStatus>(
[6.152s]       |     [01;31m[K^~~~~~~~~~~~~~~~~~~~~~~~~[m[K
[6.195s] [01m[K/root/ros2_ws/src/project_03/src/target_sequence_node.cpp:[m[K In member function â€˜[01m[Kvoid TargetSequenceNode::clean_rectangle(double, double, double, double)[m[Kâ€™:
[6.195s] [01m[K/root/ros2_ws/src/project_03/src/target_sequence_node.cpp:35:63:[m[K [01;35m[Kwarning: [m[Kunused parameter â€˜[01m[Ky2[m[Kâ€™ [[01;35m[K]8;;https://gcc.gnu.org/onlinedocs/gcc/Warning-Options.html#index-Wunused-parameter-Wunused-parameter]8;;[m[K]
[6.195s]    35 | void clean_rectangle( double x1, double y1, double x2, [01;35m[Kdouble y2[m[K) {
[6.195s]       |                                                        [01;35m[K~~~~~~~^~[m[K
[8.291s] gmake[2]: *** [CMakeFiles/target_sequence_node.dir/build.make:76: CMakeFiles/target_sequence_node.dir/src/target_sequence_node.cpp.o] Error 1
[8.292s] gmake[1]: *** [CMakeFiles/Makefile2:165: CMakeFiles/target_sequence_node.dir/all] Error 2
[8.292s] gmake: *** [Makefile:146: all] Error 2
[8.294s] Invoked command in '/root/ros2_ws/src/project_03/build/project_03' returned '2': CMAKE_PREFIX_PATH=${CMAKE_PREFIX_PATH}:/root/ros2_ws/install/turtlebot3_teleop:/root/ros2_ws/install/turtlebot3_example:/opt/ros/humble /usr/bin/cmake --build /root/ros2_ws/src/project_03/build/project_03 -- -j8 -l8
